#
# There is insufficient memory for the Java Runtime Environment to continue.
# Native memory allocation (malloc) failed to allocate 938176 bytes for Chunk::new
# Possible reasons:
#   The system is out of physical RAM or swap space
#   In 32 bit mode, the process size limit was hit
# Possible solutions:
#   Reduce memory load on the system
#   Increase physical memory or swap space
#   Check if swap backing store is full
#   Use 64 bit Java on a 64 bit OS
#   Decrease Java heap size (-Xmx/-Xms)
#   Decrease number of Java threads
#   Decrease Java thread stack sizes (-Xss)
#   Set larger code cache with -XX:ReservedCodeCacheSize=
# This output file may be truncated or incomplete.
#
#  Out of Memory Error (allocation.cpp:390), pid=10276, tid=0x000000000000269c
#
# JRE version: OpenJDK Runtime Environment (8.0_76-b03) (build 1.8.0_76-release-b03)
# Java VM: OpenJDK 64-Bit Server VM (25.76-b03 mixed mode windows-amd64 compressed oops)
# Failed to write core dump. Minidumps are not enabled by default on client versions of Windows
#

---------------  T H R E A D  ---------------

Current thread (0x0000000016aac800):  JavaThread "C2 CompilerThread1" daemon [_thread_in_native, id=9884, stack(0x0000000018570000,0x0000000018670000)]

Stack: [0x0000000018570000,0x0000000018670000]
[error occurred during error reporting (printing stack bounds), id 0xc0000005]

Native frames: (J=compiled Java code, j=interpreted, Vv=VM code, C=native code)


Current CompileTask:
C2:  24910 9494       4       com.sun.org.apache.xerces.internal.impl.XMLNSDocumentScannerImpl::scanStartElement (1020 bytes)


---------------  P R O C E S S  ---------------

Java Threads: ( => current thread )
  0x0000000018e7e800 JavaThread "stdout" daemon [_thread_in_native, id=9124, stack(0x00000000254e0000,0x00000000255e0000)]
  0x0000000018e84800 JavaThread "stderr" daemon [_thread_in_native, id=7044, stack(0x00000000253e0000,0x00000000254e0000)]
  0x0000000018e85800 JavaThread "stdout" daemon [_thread_in_native, id=728, stack(0x00000000252e0000,0x00000000253e0000)]
  0x0000000018e84000 JavaThread "stderr" daemon [_thread_in_native, id=2340, stack(0x00000000251e0000,0x00000000252e0000)]
  0x0000000018e7b800 JavaThread "stdout" daemon [_thread_in_native, id=9628, stack(0x00000000250e0000,0x00000000251e0000)]
  0x0000000018e7e000 JavaThread "stderr" daemon [_thread_in_native, id=5300, stack(0x0000000024fe0000,0x00000000250e0000)]
  0x0000000018e82800 JavaThread "stdout" daemon [_thread_in_native, id=7736, stack(0x0000000024ee0000,0x0000000024fe0000)]
  0x0000000018e7b000 JavaThread "stderr" daemon [_thread_in_native, id=7404, stack(0x0000000024de0000,0x0000000024ee0000)]
  0x0000000018e7d000 JavaThread "stdout" daemon [_thread_in_native, id=12232, stack(0x0000000024ce0000,0x0000000024de0000)]
  0x0000000018e81000 JavaThread "stderr" daemon [_thread_in_native, id=6568, stack(0x0000000024be0000,0x0000000024ce0000)]
  0x0000000018e81800 JavaThread "stdout" daemon [_thread_in_native, id=9168, stack(0x0000000024ae0000,0x0000000024be0000)]
  0x0000000018e80000 JavaThread "stderr" daemon [_thread_in_native, id=4740, stack(0x00000000249e0000,0x0000000024ae0000)]
  0x0000000018e7c800 JavaThread "stdout" daemon [_thread_in_native, id=988, stack(0x00000000248e0000,0x00000000249e0000)]
  0x000000001d628800 JavaThread "stderr" daemon [_thread_in_native, id=11968, stack(0x00000000247e0000,0x00000000248e0000)]
  0x000000001d627800 JavaThread "stdout" daemon [_thread_in_native, id=12048, stack(0x00000000246e0000,0x00000000247e0000)]
  0x000000001d627000 JavaThread "stderr" daemon [_thread_in_native, id=4148, stack(0x00000000245e0000,0x00000000246e0000)]
  0x000000001d626000 JavaThread "stdout" daemon [_thread_in_native, id=11712, stack(0x00000000244e0000,0x00000000245e0000)]
  0x000000001d625800 JavaThread "stderr" daemon [_thread_in_native, id=12148, stack(0x00000000243e0000,0x00000000244e0000)]
  0x000000001d624800 JavaThread "stdout" daemon [_thread_in_native, id=76, stack(0x00000000242e0000,0x00000000243e0000)]
  0x000000001d624000 JavaThread "stderr" daemon [_thread_in_native, id=5060, stack(0x00000000241e0000,0x00000000242e0000)]
  0x000000001d623000 JavaThread "stdout" daemon [_thread_in_native, id=3360, stack(0x00000000240e0000,0x00000000241e0000)]
  0x000000001d61b800 JavaThread "stderr" daemon [_thread_in_native, id=9188, stack(0x0000000023fe0000,0x00000000240e0000)]
  0x000000001d622800 JavaThread "stdout" daemon [_thread_in_native, id=240, stack(0x0000000023ee0000,0x0000000023fe0000)]
  0x000000001d61b000 JavaThread "stderr" daemon [_thread_in_native, id=8152, stack(0x0000000023de0000,0x0000000023ee0000)]
  0x000000001d61c800 JavaThread "stdout" daemon [_thread_in_native, id=4416, stack(0x0000000023ce0000,0x0000000023de0000)]
  0x000000001d621800 JavaThread "stderr" daemon [_thread_in_native, id=10828, stack(0x0000000023be0000,0x0000000023ce0000)]
  0x000000001d61a000 JavaThread "stdout" daemon [_thread_in_native, id=920, stack(0x0000000023ae0000,0x0000000023be0000)]
  0x000000001d61f800 JavaThread "stderr" daemon [_thread_in_native, id=1484, stack(0x00000000239e0000,0x0000000023ae0000)]
  0x000000001d621000 JavaThread "stdout" daemon [_thread_in_native, id=9260, stack(0x00000000238e0000,0x00000000239e0000)]
  0x000000001d620000 JavaThread "stderr" daemon [_thread_in_native, id=6412, stack(0x00000000237e0000,0x00000000238e0000)]
  0x000000001d619800 JavaThread "stdout" daemon [_thread_in_native, id=8068, stack(0x00000000236e0000,0x00000000237e0000)]
  0x000000001d61e800 JavaThread "stderr" daemon [_thread_in_native, id=9536, stack(0x00000000235e0000,0x00000000236e0000)]
  0x000000001d61e000 JavaThread "stdout" daemon [_thread_in_native, id=9152, stack(0x00000000233e0000,0x00000000234e0000)]
  0x000000001dedf800 JavaThread "stderr" daemon [_thread_in_native, id=9744, stack(0x00000000232e0000,0x00000000233e0000)]
  0x000000001dedd000 JavaThread "stdout" daemon [_thread_in_native, id=3508, stack(0x00000000230c0000,0x00000000231c0000)]
  0x000000001dee4000 JavaThread "stderr" daemon [_thread_in_native, id=8784, stack(0x0000000022fc0000,0x00000000230c0000)]
  0x000000001dee1800 JavaThread "stdout" daemon [_thread_in_native, id=7744, stack(0x0000000022ec0000,0x0000000022fc0000)]
  0x000000001dee1000 JavaThread "stderr" daemon [_thread_in_native, id=10200, stack(0x0000000022dc0000,0x0000000022ec0000)]
  0x000000001dee0000 JavaThread "png-cruncher_20" daemon [_thread_blocked, id=2152, stack(0x0000000022cc0000,0x0000000022dc0000)]
  0x000000001dede800 JavaThread "png-cruncher_19" daemon [_thread_blocked, id=6096, stack(0x0000000022bc0000,0x0000000022cc0000)]
  0x000000001dee3000 JavaThread "png-cruncher_18" daemon [_thread_blocked, id=10436, stack(0x0000000022ac0000,0x0000000022bc0000)]
  0x000000001dede000 JavaThread "png-cruncher_17" daemon [_thread_blocked, id=7320, stack(0x00000000229c0000,0x0000000022ac0000)]
  0x000000001dee2800 JavaThread "png-cruncher_16" daemon [_thread_blocked, id=2168, stack(0x00000000228c0000,0x00000000229c0000)]
  0x000000001c0cc000 JavaThread "png-cruncher_15" daemon [_thread_blocked, id=7536, stack(0x00000000227c0000,0x00000000228c0000)]
  0x000000001bd3d000 JavaThread "png-cruncher_14" daemon [_thread_blocked, id=4748, stack(0x00000000226c0000,0x00000000227c0000)]
  0x000000001bd3b000 JavaThread "png-cruncher_13" daemon [_thread_blocked, id=8796, stack(0x00000000225c0000,0x00000000226c0000)]
  0x000000001bd39800 JavaThread "png-cruncher_12" daemon [_thread_blocked, id=6956, stack(0x00000000224c0000,0x00000000225c0000)]
  0x000000001bd3c000 JavaThread "png-cruncher_11" daemon [_thread_blocked, id=8548, stack(0x00000000223c0000,0x00000000224c0000)]
  0x000000001bd39000 JavaThread "stdout" daemon [_thread_in_native, id=4000, stack(0x00000000222c0000,0x00000000223c0000)]
  0x000000001bd3a800 JavaThread "stderr" daemon [_thread_in_native, id=12204, stack(0x00000000221c0000,0x00000000222c0000)]
  0x000000001bd38000 JavaThread "png-cruncher_10" daemon [_thread_blocked, id=5236, stack(0x00000000220c0000,0x00000000221c0000)]
  0x000000001bd37800 JavaThread "png-cruncher_9" daemon [_thread_blocked, id=2208, stack(0x0000000021fc0000,0x00000000220c0000)]
  0x000000001bd36800 JavaThread "png-cruncher_8" daemon [_thread_blocked, id=10552, stack(0x0000000021ec0000,0x0000000021fc0000)]
  0x000000001bd32000 JavaThread "png-cruncher_7" daemon [_thread_blocked, id=5808, stack(0x0000000021dc0000,0x0000000021ec0000)]
  0x000000001bd36000 JavaThread "png-cruncher_6" daemon [_thread_blocked, id=8076, stack(0x0000000021cc0000,0x0000000021dc0000)]
  0x000000001bd2e800 JavaThread "png-cruncher_5" daemon [_thread_blocked, id=4948, stack(0x0000000021bc0000,0x0000000021cc0000)]
  0x000000001bd31800 JavaThread "png-cruncher_4" daemon [_thread_blocked, id=10100, stack(0x0000000021ac0000,0x0000000021bc0000)]
  0x000000001bd35000 JavaThread "png-cruncher_3" daemon [_thread_blocked, id=10836, stack(0x00000000219c0000,0x0000000021ac0000)]
  0x000000001bd33800 JavaThread "png-cruncher_2" daemon [_thread_blocked, id=11320, stack(0x00000000218c0000,0x00000000219c0000)]
  0x000000001bd33000 JavaThread "png-cruncher_1" daemon [_thread_blocked, id=2224, stack(0x00000000217c0000,0x00000000218c0000)]
  0x000000001bd30800 JavaThread "pool-3-thread-4" [_thread_blocked, id=5168, stack(0x00000000216c0000,0x00000000217c0000)]
  0x000000001bd2d800 JavaThread "pool-3-thread-3" [_thread_blocked, id=6512, stack(0x00000000215c0000,0x00000000216c0000)]
  0x000000001bd2f000 JavaThread "pool-3-thread-2" [_thread_blocked, id=9788, stack(0x00000000214c0000,0x00000000215c0000)]
  0x000000001bd34800 JavaThread "pool-3-thread-1" [_thread_blocked, id=8628, stack(0x00000000213c0000,0x00000000214c0000)]
  0x000000001c0cd800 JavaThread "pool-2-thread-1" [_thread_blocked, id=640, stack(0x000000001fec0000,0x000000001ffc0000)]
  0x000000001c0cb000 JavaThread "File lock request listener" [_thread_in_native, id=11084, stack(0x000000001fbc0000,0x000000001fcc0000)]
  0x0000000019899000 JavaThread "Stdin handler" [_thread_blocked, id=9456, stack(0x000000001ad80000,0x000000001ae80000)]
  0x000000001989a800 JavaThread "Asynchronous log dispatcher for org.gradle.launcher.daemon.server.DefaultDaemonConnection@102d6ff" [_thread_blocked, id=10456, stack(0x000000001aa80000,0x000000001ab80000)]
  0x0000000019780800 JavaThread "Daemon worker" [_thread_in_Java, id=804, stack(0x000000001a980000,0x000000001aa80000)]
  0x0000000019786000 JavaThread "Cancel handler" [_thread_blocked, id=4744, stack(0x000000001a880000,0x000000001a980000)]
  0x0000000019422000 JavaThread "Handler for socket connection from /127.0.0.1:56798 to /127.0.0.1:56800" [_thread_in_native, id=9144, stack(0x000000001a780000,0x000000001a880000)]
  0x0000000019420800 JavaThread "Daemon" [_thread_blocked, id=9332, stack(0x000000001a680000,0x000000001a780000)]
  0x00000000193f8000 JavaThread "pool-1-thread-1" [_thread_blocked, id=2544, stack(0x000000001a580000,0x000000001a680000)]
  0x00000000193ef000 JavaThread "Incoming local TCP Connector on port 56798" [_thread_in_native, id=7040, stack(0x000000001a1e0000,0x000000001a2e0000)]
  0x0000000017ee9000 JavaThread "Service Thread" daemon [_thread_blocked, id=628, stack(0x0000000018770000,0x0000000018870000)]
  0x0000000016af9000 JavaThread "C1 CompilerThread2" daemon [_thread_in_vm, id=11856, stack(0x0000000018670000,0x0000000018770000)]
=>0x0000000016aac800 JavaThread "C2 CompilerThread1" daemon [_thread_in_native, id=9884, stack(0x0000000018570000,0x0000000018670000)]
  0x0000000016aaa800 JavaThread "C2 CompilerThread0" daemon [_thread_in_native, id=3420, stack(0x0000000018470000,0x0000000018570000)]
  0x0000000016af7800 JavaThread "Attach Listener" daemon [_thread_blocked, id=5056, stack(0x0000000018370000,0x0000000018470000)]
  0x0000000017e78800 JavaThread "Signal Dispatcher" daemon [_thread_blocked, id=11096, stack(0x0000000018270000,0x0000000018370000)]
  0x000000000312b000 JavaThread "Finalizer" daemon [_thread_blocked, id=7172, stack(0x0000000017d10000,0x0000000017e10000)]
  0x0000000003120000 JavaThread "Reference Handler" daemon [_thread_blocked, id=8504, stack(0x0000000017c10000,0x0000000017d10000)]
  0x0000000003030800 JavaThread "main" [_thread_blocked, id=9856, stack(0x0000000002b70000,0x0000000002c70000)]

Other Threads:
  0x0000000016a65800 VMThread [stack: 0x0000000017b10000,0x0000000017c10000] [id=12192]
  0x0000000017ef2000 WatcherThread [stack: 0x0000000018870000,0x0000000018970000] [id=2328]

VM state:not at safepoint (normal execution)

VM Mutex/Monitor currently owned by a thread:  ([mutex/lock_event])
[0x0000000002c8e590] MethodData_lock - owner thread: 0x0000000000000000

Heap:
 PSYoungGen      total 206336K, used 30516K [0x00000000e0000000, 0x00000000f1300000, 0x0000000100000000)
  eden space 183296K, 16% used [0x00000000e0000000,0x00000000e1dcd250,0x00000000eb300000)
  from space 23040K, 0% used [0x00000000eb300000,0x00000000eb300000,0x00000000ec980000)
  to   space 27648K, 0% used [0x00000000ef800000,0x00000000ef800000,0x00000000f1300000)
 ParOldGen       total 99840K, used 42346K [0x00000000a0000000, 0x00000000a6180000, 0x00000000e0000000)
  object space 99840K, 42% used [0x00000000a0000000,0x00000000a295aba0,0x00000000a6180000)
 Metaspace       used 58263K, capacity 59712K, committed 60032K, reserved 1101824K
  class space    used 7610K, capacity 7952K, committed 8064K, reserved 1048576K

Card table byte_map: [0x00000000124f0000,0x0000000012800000] byte_map_base: 0x0000000011ff0000

Marking Bits: (ParMarkBitMap*) 0x000000005a419d00
 Begin Bits: [0x0000000012e00000, 0x0000000014600000)
 End Bits:   [0x0000000014600000, 0x0000000015e00000)

Polling page: 0x00000000013b0000

CodeCache: size=245760Kb used=26722Kb max_used=26735Kb free=219037Kb
 bounds [0x0000000003130000, 0x0000000004b70000, 0x0000000012130000]
 total_blobs=9008 nmethods=8270 adapters=650
 compilation: enabled

Compilation events (10 events):
Event: 24.887 Thread 0x0000000016af9000 9541       3       com.android.builder.internal.packaging.zip.utils.LittleEndianUtils::readUnsigned2Le (103 bytes)
Event: 24.889 Thread 0x0000000016af9000 nmethod 9541 0x0000000003401250 code [0x0000000003401500, 0x0000000003402738]
Event: 24.890 Thread 0x0000000016af9000 9542       3       com.android.builder.internal.packaging.zip.ZipField::verify (74 bytes)
Event: 24.891 Thread 0x0000000016af9000 nmethod 9542 0x00000000033ff9d0 code [0x00000000033ffc40, 0x0000000003400b48]
Event: 24.892 Thread 0x0000000016af9000 9548       3       com.android.builder.internal.packaging.zip.utils.LittleEndianUtils::readUnsigned4Le (143 bytes)
Event: 24.894 Thread 0x0000000016af9000 nmethod 9548 0x000000000355a890 code [0x000000000355ab60, 0x000000000355bf78]
Event: 24.895 Thread 0x0000000016af9000 9536       3       java.util.Calendar::getInstance (13 bytes)
Event: 24.895 Thread 0x0000000016af9000 nmethod 9536 0x0000000004003fd0 code [0x0000000004004180, 0x0000000004004558]
Event: 24.896 Thread 0x0000000016af9000 9543       1       com.android.builder.internal.packaging.zip.CentralDirectoryHeader::getGpBit (5 bytes)
Event: 24.896 Thread 0x0000000016af9000 nmethod 9543 0x00000000032782d0 code [0x0000000003278420, 0x0000000003278530]

GC Heap History (10 events):
Event: 12.992 GC heap before
{Heap before GC invocations=12 (full 2):
 PSYoungGen      total 132096K, used 130880K [0x00000000e0000000, 0x00000000ead80000, 0x0000000100000000)
  eden space 120320K, 100% used [0x00000000e0000000,0x00000000e7580000,0x00000000e7580000)
  from space 11776K, 89% used [0x00000000e7580000,0x00000000e7fd03d0,0x00000000e8100000)
  to   space 12288K, 0% used [0x00000000ea180000,0x00000000ea180000,0x00000000ead80000)
 ParOldGen       total 99840K, used 15453K [0x00000000a0000000, 0x00000000a6180000, 0x00000000e0000000)
  object space 99840K, 15% used [0x00000000a0000000,0x00000000a0f17478,0x00000000a6180000)
 Metaspace       used 44767K, capacity 45934K, committed 46208K, reserved 1089536K
  class space    used 5975K, capacity 6249K, committed 6272K, reserved 1048576K
Event: 13.023 GC heap after
Heap after GC invocations=12 (full 2):
 PSYoungGen      total 163328K, used 12259K [0x00000000e0000000, 0x00000000eb100000, 0x0000000100000000)
  eden space 151040K, 0% used [0x00000000e0000000,0x00000000e0000000,0x00000000e9380000)
  from space 12288K, 99% used [0x00000000ea180000,0x00000000ead78f80,0x00000000ead80000)
  to   space 14336K, 0% used [0x00000000e9380000,0x00000000e9380000,0x00000000ea180000)
 ParOldGen       total 99840K, used 17953K [0x00000000a0000000, 0x00000000a6180000, 0x00000000e0000000)
  object space 99840K, 17% used [0x00000000a0000000,0x00000000a11886c0,0x00000000a6180000)
 Metaspace       used 44767K, capacity 45934K, committed 46208K, reserved 1089536K
  class space    used 5975K, capacity 6249K, committed 6272K, reserved 1048576K
}
Event: 17.977 GC heap before
{Heap before GC invocations=13 (full 2):
 PSYoungGen      total 163328K, used 163299K [0x00000000e0000000, 0x00000000eb100000, 0x0000000100000000)
  eden space 151040K, 100% used [0x00000000e0000000,0x00000000e9380000,0x00000000e9380000)
  from space 12288K, 99% used [0x00000000ea180000,0x00000000ead78f80,0x00000000ead80000)
  to   space 14336K, 0% used [0x00000000e9380000,0x00000000e9380000,0x00000000ea180000)
 ParOldGen       total 99840K, used 17953K [0x00000000a0000000, 0x00000000a6180000, 0x00000000e0000000)
  object space 99840K, 17% used [0x00000000a0000000,0x00000000a11886c0,0x00000000a6180000)
 Metaspace       used 51092K, capacity 52440K, committed 52736K, reserved 1095680K
  class space    used 6736K, capacity 7060K, committed 7168K, reserved 1048576K
Event: 18.009 GC heap after
Heap after GC invocations=13 (full 2):
 PSYoungGen      total 165376K, used 14306K [0x00000000e0000000, 0x00000000ede80000, 0x0000000100000000)
  eden space 151040K, 0% used [0x00000000e0000000,0x00000000e0000000,0x00000000e9380000)
  from space 14336K, 99% used [0x00000000e9380000,0x00000000ea1789d0,0x00000000ea180000)
  to   space 20480K, 0% used [0x00000000eca80000,0x00000000eca80000,0x00000000ede80000)
 ParOldGen       total 99840K, used 30525K [0x00000000a0000000, 0x00000000a6180000, 0x00000000e0000000)
  object space 99840K, 30% used [0x00000000a0000000,0x00000000a1dcf450,0x00000000a6180000)
 Metaspace       used 51092K, capacity 52440K, committed 52736K, reserved 1095680K
  class space    used 6736K, capacity 7060K, committed 7168K, reserved 1048576K
}
Event: 22.407 GC heap before
{Heap before GC invocations=14 (full 2):
 PSYoungGen      total 165376K, used 165346K [0x00000000e0000000, 0x00000000ede80000, 0x0000000100000000)
  eden space 151040K, 100% used [0x00000000e0000000,0x00000000e9380000,0x00000000e9380000)
  from space 14336K, 99% used [0x00000000e9380000,0x00000000ea1789d0,0x00000000ea180000)
  to   space 20480K, 0% used [0x00000000eca80000,0x00000000eca80000,0x00000000ede80000)
 ParOldGen       total 99840K, used 30525K [0x00000000a0000000, 0x00000000a6180000, 0x00000000e0000000)
  object space 99840K, 30% used [0x00000000a0000000,0x00000000a1dcf450,0x00000000a6180000)
 Metaspace       used 53453K, capacity 54954K, committed 55040K, reserved 1097728K
  class space    used 7059K, capacity 7385K, committed 7424K, reserved 1048576K
Event: 22.437 GC heap after
Heap after GC invocations=14 (full 2):
 PSYoungGen      total 203776K, used 19795K [0x00000000e0000000, 0x00000000ee000000, 0x0000000100000000)
  eden space 183296K, 0% used [0x00000000e0000000,0x00000000e0000000,0x00000000eb300000)
  from space 20480K, 96% used [0x00000000eca80000,0x00000000eddd4ca0,0x00000000ede80000)
  to   space 23040K, 0% used [0x00000000eb300000,0x00000000eb300000,0x00000000ec980000)
 ParOldGen       total 99840K, used 30533K [0x00000000a0000000, 0x00000000a6180000, 0x00000000e0000000)
  object space 99840K, 30% used [0x00000000a0000000,0x00000000a1dd1450,0x00000000a6180000)
 Metaspace       used 53453K, capacity 54954K, committed 55040K, reserved 1097728K
  class space    used 7059K, capacity 7385K, committed 7424K, reserved 1048576K
}
Event: 23.707 GC heap before
{Heap before GC invocations=15 (full 2):
 PSYoungGen      total 203776K, used 58854K [0x00000000e0000000, 0x00000000ee000000, 0x0000000100000000)
  eden space 183296K, 21% used [0x00000000e0000000,0x00000000e2624c68,0x00000000eb300000)
  from space 20480K, 96% used [0x00000000eca80000,0x00000000eddd4ca0,0x00000000ede80000)
  to   space 23040K, 0% used [0x00000000eb300000,0x00000000eb300000,0x00000000ec980000)
 ParOldGen       total 99840K, used 30533K [0x00000000a0000000, 0x00000000a6180000, 0x00000000e0000000)
  object space 99840K, 30% used [0x00000000a0000000,0x00000000a1dd1450,0x00000000a6180000)
 Metaspace       used 57549K, capacity 58986K, committed 59136K, reserved 1099776K
  class space    used 7522K, capacity 7833K, committed 7936K, reserved 1048576K
Event: 23.740 GC heap after
Heap after GC invocations=15 (full 2):
 PSYoungGen      total 206336K, used 23038K [0x00000000e0000000, 0x00000000f1300000, 0x0000000100000000)
  eden space 183296K, 0% used [0x00000000e0000000,0x00000000e0000000,0x00000000eb300000)
  from space 23040K, 99% used [0x00000000eb300000,0x00000000ec97f908,0x00000000ec980000)
  to   space 27648K, 0% used [0x00000000ef800000,0x00000000ef800000,0x00000000f1300000)
 ParOldGen       total 99840K, used 34606K [0x00000000a0000000, 0x00000000a6180000, 0x00000000e0000000)
  object space 99840K, 34% used [0x00000000a0000000,0x00000000a21cbb28,0x00000000a6180000)
 Metaspace       used 57549K, capacity 58986K, committed 59136K, reserved 1099776K
  class space    used 7522K, capacity 7833K, committed 7936K, reserved 1048576K
}
Event: 23.740 GC heap before
{Heap before GC invocations=16 (full 3):
 PSYoungGen      total 206336K, used 23038K [0x00000000e0000000, 0x00000000f1300000, 0x0000000100000000)
  eden space 183296K, 0% used [0x00000000e0000000,0x00000000e0000000,0x00000000eb300000)
  from space 23040K, 99% used [0x00000000eb300000,0x00000000ec97f908,0x00000000ec980000)
  to   space 27648K, 0% used [0x00000000ef800000,0x00000000ef800000,0x00000000f1300000)
 ParOldGen       total 99840K, used 34606K [0x00000000a0000000, 0x00000000a6180000, 0x00000000e0000000)
  object space 99840K, 34% used [0x00000000a0000000,0x00000000a21cbb28,0x00000000a6180000)
 Metaspace       used 57549K, capacity 58986K, committed 59136K, reserved 1099776K
  class space    used 7522K, capacity 7833K, committed 7936K, reserved 1048576K
Event: 24.088 GC heap after
Heap after GC invocations=16 (full 3):
 PSYoungGen      total 206336K, used 0K [0x00000000e0000000, 0x00000000f1300000, 0x0000000100000000)
  eden space 183296K, 0% used [0x00000000e0000000,0x00000000e0000000,0x00000000eb300000)
  from space 23040K, 0% used [0x00000000eb300000,0x00000000eb300000,0x00000000ec980000)
  to   space 27648K, 0% used [0x00000000ef800000,0x00000000ef800000,0x00000000f1300000)
 ParOldGen       total 99840K, used 42346K [0x00000000a0000000, 0x00000000a6180000, 0x00000000e0000000)
  object space 99840K, 42% used [0x00000000a0000000,0x00000000a295aba0,0x00000000a6180000)
 Metaspace       used 57547K, capacity 58980K, committed 59136K, reserved 1099776K
  class space    used 7521K, capacity 7832K, committed 7936K, reserved 1048576K
}

Deoptimization events (10 events):
Event: 24.454 Thread 0x0000000019780800 Uncommon trap: reason=class_check action=maybe_recompile pc=0x00000000043f6868 method=java.io.BufferedInputStream.read1([BII)I @ 39
Event: 24.455 Thread 0x0000000019780800 Uncommon trap: reason=class_check action=maybe_recompile pc=0x00000000043ed7dc method=java.io.BufferedInputStream.read1([BII)I @ 39
Event: 24.660 Thread 0x0000000019780800 Uncommon trap: reason=unstable_if action=reinterpret pc=0x0000000004b230dc method=java.lang.Class.getEnumConstantsShared()[Ljava/lang/Object; @ 4
Event: 24.670 Thread 0x0000000019780800 Uncommon trap: reason=bimorphic action=maybe_recompile pc=0x00000000035c5fec method=java.nio.charset.CharsetEncoder.encode(Ljava/nio/CharBuffer;Ljava/nio/ByteBuffer;Z)Ljava/nio/charset/CoderResult; @ 57
Event: 24.671 Thread 0x0000000019780800 Uncommon trap: reason=bimorphic action=maybe_recompile pc=0x00000000035c5fec method=java.nio.charset.CharsetEncoder.encode(Ljava/nio/CharBuffer;Ljava/nio/ByteBuffer;Z)Ljava/nio/charset/CoderResult; @ 57
Event: 24.672 Thread 0x0000000019780800 Uncommon trap: reason=bimorphic action=maybe_recompile pc=0x00000000035c5fec method=java.nio.charset.CharsetEncoder.encode(Ljava/nio/CharBuffer;Ljava/nio/ByteBuffer;Z)Ljava/nio/charset/CoderResult; @ 57
Event: 24.672 Thread 0x0000000019780800 Uncommon trap: reason=bimorphic action=maybe_recompile pc=0x00000000035c5fec method=java.nio.charset.CharsetEncoder.encode(Ljava/nio/CharBuffer;Ljava/nio/ByteBuffer;Z)Ljava/nio/charset/CoderResult; @ 57
Event: 24.716 Thread 0x0000000019780800 Uncommon trap: reason=unstable_if action=reinterpret pc=0x0000000003a180e8 method=com.sun.org.apache.xerces.internal.dom.CharacterDataImpl.getNodeValue()Ljava/lang/String; @ 4
Event: 24.752 Thread 0x0000000019780800 Uncommon trap: reason=class_check action=maybe_recompile pc=0x0000000004b46ca4 method=com.sun.org.apache.xerces.internal.dom.NamedNodeMapImpl.findNamePoint(Ljava/lang/String;I)I @ 54
Event: 24.752 Thread 0x0000000019780800 Uncommon trap: reason=class_check action=maybe_recompile pc=0x0000000004b46ca4 method=com.sun.org.apache.xerces.internal.dom.NamedNodeMapImpl.findNamePoint(Ljava/lang/String;I)I @ 54

Internal exceptions (10 events):
Event: 15.233 Thread 0x0000000019780800 Exception <a 'java/lang/NoSuchMethodError': <clinit>> (0x00000000e34708a0) thrown at [C:\src\android\AOSP-openjdk\external\jetbrains\jdk\hotspot\src\share\vm\prims\jni.cpp, line 1591]
Event: 15.293 Thread 0x0000000019780800 Exception <a 'java/lang/ClassNotFoundException': com/android/build/gradle/internal/LibraryCache$1BeanInfo> (0x00000000e3635208) thrown at [C:\src\android\AOSP-openjdk\external\jetbrains\jdk\hotspot\src\share\vm\classfile\systemDictionary.cpp, line 210]
Event: 15.294 Thread 0x0000000019780800 Exception <a 'java/lang/ClassNotFoundException': com/android/build/gradle/internal/LibraryCache$1Customizer> (0x00000000e3645aa0) thrown at [C:\src\android\AOSP-openjdk\external\jetbrains\jdk\hotspot\src\share\vm\classfile\systemDictionary.cpp, line 210]
Event: 18.107 Thread 0x0000000019780800 Implicit null exception at 0x0000000003f4ffd7 to 0x0000000003f50113
Event: 19.479 Thread 0x0000000019780800 Implicit null exception at 0x0000000003c0b346 to 0x0000000003c09e09
Event: 19.479 Thread 0x0000000019780800 Implicit null exception at 0x0000000003c0b346 to 0x0000000003c09e09
Event: 19.496 Thread 0x0000000019780800 Implicit null exception at 0x0000000003c0b346 to 0x0000000003c09e09
Event: 22.324 Thread 0x0000000019780800 Implicit null exception at 0x0000000003f0c527 to 0x0000000003f0eb09
Event: 24.097 Thread 0x0000000019780800 Implicit null exception at 0x00000000048b2fe1 to 0x00000000048b368d
Event: 24.601 Thread 0x0000000019780800 Exception <a 'java/lang/NoSuchMethodError': <clinit>> (0x00000000e10f0bd0) thrown at [C:\src\android\AOSP-openjdk\external\jetbrains\jdk\hotspot\src\share\vm\prims\jni.cpp, line 1591]

Events (10 events):
Event: 24.878 Thread 0x0000000016af9000 flushing nmethod 0x0000000003553590
Event: 24.879 Thread 0x0000000016af9000 flushing nmethod 0x00000000037d16d0
Event: 24.879 Thread 0x0000000016af9000 flushing nmethod 0x00000000037f18d0
Event: 24.879 Thread 0x0000000016af9000 flushing nmethod 0x000000000383c250
Event: 24.880 Thread 0x0000000016af9000 flushing nmethod 0x000000000391e4d0
Event: 24.881 Thread 0x0000000016af9000 flushing nmethod 0x0000000003a7c510
Event: 24.883 Thread 0x0000000016af9000 flushing nmethod 0x0000000003c44a90
Event: 24.884 Thread 0x0000000016af9000 flushing nmethod 0x0000000003d39290
Event: 24.887 Thread 0x0000000016af9000 flushing nmethod 0x0000000004003ed0
Event: 24.892 Thread 0x0000000016af9000 flushing nmethod 0x00000000043b7f90


Dynamic libraries:
0x00007ff748590000 - 0x00007ff7485c1000 	C:\android-studio\jre\bin\java.exe
0x00007fffb69a0000 - 0x00007fffb6b71000 	C:\WINDOWS\SYSTEM32\ntdll.dll
0x00007fffb48c0000 - 0x00007fffb496b000 	C:\WINDOWS\System32\KERNEL32.DLL
0x00007fffb3d10000 - 0x00007fffb3f2d000 	C:\WINDOWS\System32\KERNELBASE.dll
0x00007fffb4e00000 - 0x00007fffb4ea2000 	C:\WINDOWS\System32\ADVAPI32.dll
0x00007fffb4820000 - 0x00007fffb48be000 	C:\WINDOWS\System32\msvcrt.dll
0x00007fffb47b0000 - 0x00007fffb4809000 	C:\WINDOWS\System32\sechost.dll
0x00007fffb3f40000 - 0x00007fffb4061000 	C:\WINDOWS\System32\RPCRT4.dll
0x00007fffb45e0000 - 0x00007fffb4745000 	C:\WINDOWS\System32\USER32.dll
0x00007fffb32e0000 - 0x00007fffb32fe000 	C:\WINDOWS\System32\win32u.dll
0x00007fffb4970000 - 0x00007fffb49a4000 	C:\WINDOWS\System32\GDI32.dll
0x00007fffb2fe0000 - 0x00007fffb3162000 	C:\WINDOWS\System32\gdi32full.dll
0x00007fffad7b0000 - 0x00007fffada29000 	C:\WINDOWS\WinSxS\amd64_microsoft.windows.common-controls_6595b64144ccf1df_6.0.14393.447_none_42191651c6827bb3\COMCTL32.dll
0x00007fffb42a0000 - 0x00007fffb4568000 	C:\WINDOWS\System32\combase.dll
0x00007fffb31e0000 - 0x00007fffb32d5000 	C:\WINDOWS\System32\ucrtbase.dll
0x00007fffb3170000 - 0x00007fffb31da000 	C:\WINDOWS\System32\bcryptPrimitives.dll
0x00007fffb4210000 - 0x00007fffb423e000 	C:\WINDOWS\System32\IMM32.DLL
0x000000005ab10000 - 0x000000005abe2000 	C:\android-studio\jre\jre\bin\msvcr100.dll
0x0000000059c60000 - 0x000000005a494000 	C:\android-studio\jre\jre\bin\server\jvm.dll
0x00007fffb64c0000 - 0x00007fffb64c8000 	C:\WINDOWS\System32\PSAPI.DLL
0x00007fffa7c10000 - 0x00007fffa7c19000 	C:\WINDOWS\SYSTEM32\WSOCK32.dll
0x00007fffb0de0000 - 0x00007fffb0e03000 	C:\WINDOWS\SYSTEM32\WINMM.dll
0x00007fffae0a0000 - 0x00007fffae0aa000 	C:\WINDOWS\SYSTEM32\VERSION.dll
0x00007fffb4570000 - 0x00007fffb45da000 	C:\WINDOWS\System32\WS2_32.dll
0x00007fffb0db0000 - 0x00007fffb0ddb000 	C:\WINDOWS\SYSTEM32\WINMMBASE.dll
0x00007fffb3360000 - 0x00007fffb33a2000 	C:\WINDOWS\System32\cfgmgr32.dll
0x00007fffb07f0000 - 0x00007fffb07ff000 	C:\android-studio\jre\jre\bin\verify.dll
0x00007fffaf550000 - 0x00007fffaf579000 	C:\android-studio\jre\jre\bin\java.dll
0x00007fffac690000 - 0x00007fffac6a6000 	C:\android-studio\jre\jre\bin\zip.dll
0x00007fffb4eb0000 - 0x00007fffb63b9000 	C:\WINDOWS\System32\SHELL32.dll
0x00007fffb3630000 - 0x00007fffb3d0a000 	C:\WINDOWS\System32\windows.storage.dll
0x00007fffb2e40000 - 0x00007fffb2e8c000 	C:\WINDOWS\System32\powrprof.dll
0x00007fffb4750000 - 0x00007fffb47a2000 	C:\WINDOWS\System32\shlwapi.dll
0x00007fffb2e20000 - 0x00007fffb2e2f000 	C:\WINDOWS\System32\kernel.appcore.dll
0x00007fffb2f30000 - 0x00007fffb2fd9000 	C:\WINDOWS\System32\shcore.dll
0x00007fffb2e00000 - 0x00007fffb2e14000 	C:\WINDOWS\System32\profapi.dll
0x00007fffac670000 - 0x00007fffac68a000 	C:\android-studio\jre\jre\bin\net.dll
0x00007fffb2600000 - 0x00007fffb265c000 	C:\WINDOWS\system32\mswsock.dll
0x00007fffa8580000 - 0x00007fffa8591000 	C:\android-studio\jre\jre\bin\nio.dll
0x00007fffa7640000 - 0x00007fffa7652000 	C:\Users\63170_000\.gradle\native\19\windows-amd64\native-platform.dll
0x00007fffb2870000 - 0x00007fffb2887000 	C:\WINDOWS\SYSTEM32\CRYPTSP.dll
0x00007fffb2780000 - 0x00007fffb27b3000 	C:\WINDOWS\system32\rsaenh.dll
0x00007fffb2d40000 - 0x00007fffb2d6b000 	C:\WINDOWS\SYSTEM32\bcrypt.dll
0x00007fffb2480000 - 0x00007fffb249f000 	C:\WINDOWS\SYSTEM32\USERENV.dll
0x00007fffb2d30000 - 0x00007fffb2d3b000 	C:\WINDOWS\SYSTEM32\CRYPTBASE.dll
0x00007fffb2390000 - 0x00007fffb23c8000 	C:\WINDOWS\SYSTEM32\IPHLPAPI.DLL
0x00007fffb4810000 - 0x00007fffb4818000 	C:\WINDOWS\System32\NSI.dll
0x00007fffaf450000 - 0x00007fffaf466000 	C:\WINDOWS\SYSTEM32\dhcpcsvc6.DLL
0x00007fffaf430000 - 0x00007fffaf44a000 	C:\WINDOWS\SYSTEM32\dhcpcsvc.DLL
0x00007fffb07e0000 - 0x00007fffb07ed000 	C:\android-studio\jre\jre\bin\management.dll

VM Arguments:
jvm_args: -Xmx1536m -Dfile.encoding=GBK -Duser.country=CN -Duser.language=zh -Duser.variant 
java_command: org.gradle.launcher.daemon.bootstrap.GradleDaemon 2.14.1
java_class_path (initial): C:\android-studio\gradle\gradle-2.14.1\lib\gradle-launcher-2.14.1.jar
Launcher Type: SUN_STANDARD

Environment Variables:
JAVA_HOME=C:\Program Files\Java\jdk1.8.0_51
CLASSPATH=.;C:\Program Files\Java\jdk1.8.0_51\lib\dt.jar;C:\Program Files\Java\jdk1.8.0_51\lib\tools.jar;
PATH=C:\adt-bundle-windows-x86_64-20140702\sdk\platform-tools;C:\adt-bundle-windows-x86_64-20140702\sdk\tools;C:\Program Files\Java\jdk1.8.0_51\bin;C:\Program Files\Java\jdk1.8.0_51\jre\bin;C:\ProgramData\Oracle\Java\javapath;C:\WINDOWS\system32;C:\WINDOWS;C:\WINDOWS\System32\Wbem;C:\WINDOWS\System32\WindowsPowerShell\v1.0\;C:\Program Files (x86)\NVIDIA Corporation\PhysX\Common;C:\Program Files\MySQL\MySQL Server 5.7\bin;C:\Program Files (x86)\MySQL\MySQL Server 5.1\bin;C:\WINDOWS\system32;C:\WINDOWS;C:\WINDOWS\System32\Wbem;C:\adt-bundle-windows-x86_64-20140702\sdk\platform-tools\adb.exe;?C:\Program Files\Genymobile\Genymotion\tools\adb.exe;C:\WINDOWS\System32\WindowsPowerShell\v1.0\;C:\Program Files (x86)\GtkSharp\2.12\bin;C:\Program Files\Git\cmd;C:\Users\63170_000\AppData\Local\Microsoft\WindowsApps;
USERNAME=kingwag
OS=Windows_NT
PROCESSOR_IDENTIFIER=Intel64 Family 6 Model 58 Stepping 9, GenuineIntel



---------------  S Y S T E M  ---------------

OS: Windows 10.0 , 64 bit Build 14393 (10.0.14393.0)

CPU:total 4 (2 cores per cpu, 2 threads per core) family 6 model 58 stepping 9, cmov, cx8, fxsr, mmx, sse, sse2, sse3, ssse3, sse4.1, sse4.2, popcnt, avx, aes, clmul, erms, ht, tsc, tscinvbit, tscinv

Memory: 4k page, physical 8271408k(531764k free), swap 8271408k(5320k free)

vm_info: OpenJDK 64-Bit Server VM (25.76-b03) for windows-amd64 JRE (1.8.0_76-release-b03), built on Jun 29 2016 19:09:20 by "ralucas" with MS VC++ 10.0 (VS2010)

time: Fri Dec 16 00:21:28 2016
elapsed time: 24 seconds (0d 0h 0m 24s)

