#
# There is insufficient memory for the Java Runtime Environment to continue.
# Native memory allocation (malloc) failed to allocate 1152736 bytes for Chunk::new
# Possible reasons:
#   The system is out of physical RAM or swap space
#   In 32 bit mode, the process size limit was hit
# Possible solutions:
#   Reduce memory load on the system
#   Increase physical memory or swap space
#   Check if swap backing store is full
#   Use 64 bit Java on a 64 bit OS
#   Decrease Java heap size (-Xmx/-Xms)
#   Decrease number of Java threads
#   Decrease Java thread stack sizes (-Xss)
#   Set larger code cache with -XX:ReservedCodeCacheSize=
# This output file may be truncated or incomplete.
#
#  Out of Memory Error (allocation.cpp:390), pid=3848, tid=0x0000000000000390
#
# JRE version: OpenJDK Runtime Environment (8.0_76-b03) (build 1.8.0_76-release-b03)
# Java VM: OpenJDK 64-Bit Server VM (25.76-b03 mixed mode windows-amd64 compressed oops)
# Failed to write core dump. Minidumps are not enabled by default on client versions of Windows
#

---------------  T H R E A D  ---------------

Current thread (0x0000000015fef000):  JavaThread "C2 CompilerThread1" daemon [_thread_in_native, id=912, stack(0x0000000017a30000,0x0000000017b30000)]

Stack: [0x0000000017a30000,0x0000000017b30000]
[error occurred during error reporting (printing stack bounds), id 0xc0000005]

Native frames: (J=compiled Java code, j=interpreted, Vv=VM code, C=native code)


Current CompileTask:
C2:1296961 15885       4       com.android.dx.dex.file.DebugInfoEncoder::emitLocalsAtAddress (150 bytes)


---------------  P R O C E S S  ---------------

Java Threads: ( => current thread )
  0x000000001eaab000 JavaThread "pool-47-thread-4" [_thread_blocked, id=10808, stack(0x000000002de40000,0x000000002df40000)]
  0x000000001eaa3800 JavaThread "pool-47-thread-3" [_thread_blocked, id=10264, stack(0x000000002dd40000,0x000000002de40000)]
  0x000000001eaaa000 JavaThread "pool-47-thread-2" [_thread_blocked, id=5488, stack(0x000000002dc40000,0x000000002dd40000)]
  0x000000001eaa2800 JavaThread "pool-48-thread-1" [_thread_blocked, id=4988, stack(0x000000002db40000,0x000000002dc40000)]
  0x000000001eaa7000 JavaThread "pool-47-thread-1" [_thread_blocked, id=7540, stack(0x000000002da40000,0x000000002db40000)]
  0x000000001eaa1000 JavaThread "pool-43-thread-4" [_thread_blocked, id=11728, stack(0x000000002d740000,0x000000002d840000)]
  0x000000001eaa2000 JavaThread "pool-43-thread-3" [_thread_blocked, id=9060, stack(0x000000002d640000,0x000000002d740000)]
  0x000000001eaa0800 JavaThread "pool-43-thread-2" [_thread_blocked, id=6744, stack(0x000000002d540000,0x000000002d640000)]
  0x000000001eaa5000 JavaThread "pool-44-thread-1" [_thread_blocked, id=11428, stack(0x000000002d440000,0x000000002d540000)]
  0x000000001eaa4000 JavaThread "pool-43-thread-1" [_thread_in_Java, id=11520, stack(0x000000002d340000,0x000000002d440000)]
  0x000000001b472800 JavaThread "pool-14-thread-4" [_thread_blocked, id=80, stack(0x0000000028f40000,0x0000000029040000)]
  0x000000001b471800 JavaThread "pool-14-thread-3" [_thread_blocked, id=8396, stack(0x0000000028e40000,0x0000000028f40000)]
  0x000000001b46e800 JavaThread "pool-14-thread-2" [_thread_blocked, id=1348, stack(0x0000000028d40000,0x0000000028e40000)]
  0x000000001b471000 JavaThread "pool-14-thread-1" [_thread_in_Java, id=9604, stack(0x0000000028c40000,0x0000000028d40000)]
  0x000000001b46e000 JavaThread "pool-8-thread-4" [_thread_blocked, id=2336, stack(0x0000000027d40000,0x0000000027e40000)]
  0x000000001b46d000 JavaThread "pool-8-thread-3" [_thread_blocked, id=2780, stack(0x0000000027c40000,0x0000000027d40000)]
  0x000000001b470000 JavaThread "pool-8-thread-2" [_thread_blocked, id=9792, stack(0x0000000027b40000,0x0000000027c40000)]
  0x000000001b474000 JavaThread "pool-8-thread-1" [_thread_blocked, id=11716, stack(0x0000000027a40000,0x0000000027b40000)]
  0x000000001b46f800 JavaThread "Stdin handler" [_thread_blocked, id=2528, stack(0x0000000027940000,0x0000000027a40000)]
  0x000000001b465000 JavaThread "Asynchronous log dispatcher for org.gradle.launcher.daemon.server.DefaultDaemonConnection@3a1415fc" [_thread_blocked, id=4928, stack(0x0000000027840000,0x0000000027940000)]
  0x000000001b46b800 JavaThread "Daemon worker Thread 2" [_thread_blocked, id=11880, stack(0x0000000027740000,0x0000000027840000)]
  0x000000001b465800 JavaThread "Cancel handler" [_thread_blocked, id=10248, stack(0x0000000027640000,0x0000000027740000)]
  0x000000001b46b000 JavaThread "Handler for socket connection from /127.0.0.1:52340 to /127.0.0.1:56489" [_thread_in_native, id=6892, stack(0x0000000027540000,0x0000000027640000)]
  0x000000001b46a000 JavaThread "Daemon Thread 2" [_thread_blocked, id=9872, stack(0x0000000027440000,0x0000000027540000)]
  0x000000001b468800 JavaThread "stdout" daemon [_thread_in_native, id=11088, stack(0x0000000026540000,0x0000000026640000)]
  0x000000001b468000 JavaThread "stderr" daemon [_thread_in_native, id=4992, stack(0x0000000026440000,0x0000000026540000)]
  0x000000001b467000 JavaThread "stdout" daemon [_thread_in_native, id=4460, stack(0x0000000026340000,0x0000000026440000)]
  0x000000001b466800 JavaThread "stderr" daemon [_thread_in_native, id=5828, stack(0x0000000026240000,0x0000000026340000)]
  0x000000001f3b5000 JavaThread "stdout" daemon [_thread_in_native, id=7124, stack(0x0000000026140000,0x0000000026240000)]
  0x000000001f702000 JavaThread "stderr" daemon [_thread_in_native, id=5616, stack(0x0000000026040000,0x0000000026140000)]
  0x000000001f701800 JavaThread "stdout" daemon [_thread_in_native, id=6472, stack(0x0000000025f40000,0x0000000026040000)]
  0x000000001f700800 JavaThread "stderr" daemon [_thread_in_native, id=2868, stack(0x0000000025e40000,0x0000000025f40000)]
  0x000000001f700000 JavaThread "stdout" daemon [_thread_in_native, id=8028, stack(0x0000000025d40000,0x0000000025e40000)]
  0x000000001f6ff000 JavaThread "stderr" daemon [_thread_in_native, id=11904, stack(0x0000000025c40000,0x0000000025d40000)]
  0x000000001f6f7800 JavaThread "stdout" daemon [_thread_in_native, id=11976, stack(0x0000000025b40000,0x0000000025c40000)]
  0x000000001f6fe800 JavaThread "stderr" daemon [_thread_in_native, id=8984, stack(0x0000000025a40000,0x0000000025b40000)]
  0x000000001f6fd800 JavaThread "stdout" daemon [_thread_in_native, id=7796, stack(0x0000000025940000,0x0000000025a40000)]
  0x000000001f6fa000 JavaThread "stderr" daemon [_thread_in_native, id=5048, stack(0x0000000025840000,0x0000000025940000)]
  0x000000001f6f6000 JavaThread "stdout" daemon [_thread_in_native, id=11656, stack(0x0000000025740000,0x0000000025840000)]
  0x000000001f6fd000 JavaThread "stderr" daemon [_thread_in_native, id=12072, stack(0x0000000025640000,0x0000000025740000)]
  0x000000001f6f5000 JavaThread "stdout" daemon [_thread_in_native, id=5348, stack(0x0000000025540000,0x0000000025640000)]
  0x000000001f6fc000 JavaThread "stderr" daemon [_thread_in_native, id=9436, stack(0x0000000025440000,0x0000000025540000)]
  0x000000001f6f4800 JavaThread "stdout" daemon [_thread_in_native, id=11864, stack(0x0000000025340000,0x0000000025440000)]
  0x000000001f6fb800 JavaThread "stderr" daemon [_thread_in_native, id=3708, stack(0x0000000025240000,0x0000000025340000)]
  0x000000001f6f3800 JavaThread "stdout" daemon [_thread_in_native, id=12284, stack(0x0000000025140000,0x0000000025240000)]
  0x000000001f6fa800 JavaThread "stderr" daemon [_thread_in_native, id=12116, stack(0x0000000025040000,0x0000000025140000)]
  0x000000001f6f3000 JavaThread "stdout" daemon [_thread_in_native, id=9864, stack(0x0000000024f40000,0x0000000025040000)]
  0x000000001f6f8800 JavaThread "stderr" daemon [_thread_in_native, id=7308, stack(0x0000000024e40000,0x0000000024f40000)]
  0x000000001f6f9000 JavaThread "stdout" daemon [_thread_in_native, id=3884, stack(0x0000000024d40000,0x0000000024e40000)]
  0x000000001f6f7000 JavaThread "stderr" daemon [_thread_in_native, id=11516, stack(0x0000000024c40000,0x0000000024d40000)]
  0x000000001f3b4800 JavaThread "stdout" daemon [_thread_in_native, id=10564, stack(0x0000000024b40000,0x0000000024c40000)]
  0x000000001f3b3800 JavaThread "stderr" daemon [_thread_in_native, id=3592, stack(0x0000000024a40000,0x0000000024b40000)]
  0x000000001f3b3000 JavaThread "stdout" daemon [_thread_in_native, id=1292, stack(0x0000000024740000,0x0000000024840000)]
  0x000000001f3b2000 JavaThread "stderr" daemon [_thread_in_native, id=428, stack(0x0000000024640000,0x0000000024740000)]
  0x000000001f3b7800 JavaThread "stdout" daemon [_thread_in_native, id=10820, stack(0x0000000024540000,0x0000000024640000)]
  0x000000001f3b6800 JavaThread "stderr" daemon [_thread_in_native, id=856, stack(0x0000000024440000,0x0000000024540000)]
  0x000000001f3b1800 JavaThread "stdout" daemon [_thread_in_native, id=7556, stack(0x0000000024240000,0x0000000024340000)]
  0x000000001f3b6000 JavaThread "stderr" daemon [_thread_in_native, id=3284, stack(0x0000000024140000,0x0000000024240000)]
  0x000000001f3aa000 JavaThread "stdout" daemon [_thread_in_native, id=5996, stack(0x0000000024040000,0x0000000024140000)]
  0x000000001f3b0800 JavaThread "stderr" daemon [_thread_in_native, id=10520, stack(0x0000000023f40000,0x0000000024040000)]
  0x000000001f3a9000 JavaThread "stdout" daemon [_thread_in_native, id=4808, stack(0x0000000023e40000,0x0000000023f40000)]
  0x000000001f3b0000 JavaThread "stderr" daemon [_thread_in_native, id=11136, stack(0x0000000023d40000,0x0000000023e40000)]
  0x000000001f3af000 JavaThread "png-cruncher_20" daemon [_thread_blocked, id=7324, stack(0x0000000023c40000,0x0000000023d40000)]
  0x000000001f3ae800 JavaThread "png-cruncher_19" daemon [_thread_blocked, id=11476, stack(0x0000000023b40000,0x0000000023c40000)]
  0x000000001f3a8800 JavaThread "png-cruncher_18" daemon [_thread_blocked, id=4316, stack(0x0000000023a40000,0x0000000023b40000)]
  0x000000001f3ac000 JavaThread "png-cruncher_17" daemon [_thread_blocked, id=4424, stack(0x0000000023940000,0x0000000023a40000)]
  0x000000001f3aa800 JavaThread "png-cruncher_16" daemon [_thread_blocked, id=11744, stack(0x0000000023840000,0x0000000023940000)]
  0x000000001f3ad000 JavaThread "png-cruncher_15" daemon [_thread_blocked, id=6920, stack(0x0000000023600000,0x0000000023700000)]
  0x000000001f3ad800 JavaThread "png-cruncher_14" daemon [_thread_blocked, id=6620, stack(0x0000000023500000,0x0000000023600000)]
  0x000000001f3ab800 JavaThread "png-cruncher_13" daemon [_thread_blocked, id=4680, stack(0x0000000023400000,0x0000000023500000)]
  0x0000000018cf3000 JavaThread "png-cruncher_12" daemon [_thread_blocked, id=8908, stack(0x0000000023300000,0x0000000023400000)]
  0x0000000018cf9800 JavaThread "png-cruncher_11" daemon [_thread_blocked, id=11872, stack(0x0000000023200000,0x0000000023300000)]
  0x0000000018cf6000 JavaThread "stdout" daemon [_thread_in_native, id=3820, stack(0x0000000023100000,0x0000000023200000)]
  0x0000000018cf5000 JavaThread "stderr" daemon [_thread_in_native, id=3404, stack(0x0000000023000000,0x0000000023100000)]
  0x0000000018cf7800 JavaThread "png-cruncher_10" daemon [_thread_blocked, id=7760, stack(0x0000000022f00000,0x0000000023000000)]
  0x0000000018cf2000 JavaThread "png-cruncher_9" daemon [_thread_blocked, id=2412, stack(0x0000000022e00000,0x0000000022f00000)]
  0x0000000018cf9000 JavaThread "png-cruncher_8" daemon [_thread_blocked, id=10588, stack(0x0000000022d00000,0x0000000022e00000)]
  0x0000000018cf8000 JavaThread "png-cruncher_7" daemon [_thread_blocked, id=6608, stack(0x0000000022c00000,0x0000000022d00000)]
  0x0000000018cf4800 JavaThread "png-cruncher_6" daemon [_thread_blocked, id=4804, stack(0x0000000022b00000,0x0000000022c00000)]
  0x0000000018cf6800 JavaThread "png-cruncher_5" daemon [_thread_blocked, id=5132, stack(0x0000000022a00000,0x0000000022b00000)]
  0x0000000018cf3800 JavaThread "png-cruncher_4" daemon [_thread_blocked, id=320, stack(0x0000000022900000,0x0000000022a00000)]
  0x0000000018cea800 JavaThread "png-cruncher_3" daemon [_thread_blocked, id=9300, stack(0x0000000022800000,0x0000000022900000)]
  0x0000000018cee800 JavaThread "png-cruncher_2" daemon [_thread_blocked, id=1976, stack(0x0000000022700000,0x0000000022800000)]
  0x0000000018cf1800 JavaThread "png-cruncher_1" daemon [_thread_blocked, id=5044, stack(0x0000000022600000,0x0000000022700000)]
  0x0000000019141800 JavaThread "pool-2-thread-1" [_thread_blocked, id=1032, stack(0x000000001c970000,0x000000001ca70000)]
  0x0000000018a94000 JavaThread "File lock request listener" [_thread_in_native, id=9224, stack(0x000000001b6a0000,0x000000001b7a0000)]
  0x0000000018c4d800 JavaThread "pool-1-thread-1" [_thread_blocked, id=5176, stack(0x00000000199d0000,0x0000000019ad0000)]
  0x000000001899f800 JavaThread "Incoming local TCP Connector on port 52340" [_thread_in_native, id=10332, stack(0x0000000019630000,0x0000000019730000)]
  0x00000000173aa000 JavaThread "Service Thread" daemon [_thread_blocked, id=10644, stack(0x0000000017c30000,0x0000000017d30000)]
  0x0000000016038800 JavaThread "C1 CompilerThread2" daemon [_thread_blocked, id=9324, stack(0x0000000017b30000,0x0000000017c30000)]
=>0x0000000015fef000 JavaThread "C2 CompilerThread1" daemon [_thread_in_native, id=912, stack(0x0000000017a30000,0x0000000017b30000)]
  0x0000000015fed000 JavaThread "C2 CompilerThread0" daemon [_thread_in_native, id=9620, stack(0x0000000017930000,0x0000000017a30000)]
  0x0000000016037800 JavaThread "Attach Listener" daemon [_thread_blocked, id=8244, stack(0x0000000017830000,0x0000000017930000)]
  0x0000000017338800 JavaThread "Signal Dispatcher" daemon [_thread_blocked, id=6176, stack(0x0000000017730000,0x0000000017830000)]
  0x000000000266b000 JavaThread "Finalizer" daemon [_thread_blocked, id=6564, stack(0x0000000017230000,0x0000000017330000)]
  0x0000000002660000 JavaThread "Reference Handler" daemon [_thread_blocked, id=11272, stack(0x0000000017130000,0x0000000017230000)]
  0x0000000002570800 JavaThread "main" [_thread_blocked, id=11424, stack(0x0000000002110000,0x0000000002210000)]

Other Threads:
  0x0000000015fa5800 VMThread [stack: 0x0000000017030000,0x0000000017130000] [id=6216]
  0x00000000173bb000 WatcherThread [stack: 0x0000000017d30000,0x0000000017e30000] [id=7776]

VM state:not at safepoint (normal execution)

VM Mutex/Monitor currently owned by a thread: None

Heap:
 PSYoungGen      total 240128K, used 181902K [0x00000000e0000000, 0x00000000f5680000, 0x0000000100000000)
  eden space 182272K, 99% used [0x00000000e0000000,0x00000000eb1a3878,0x00000000eb200000)
  from space 57856K, 0% used [0x00000000f1e00000,0x00000000f1e00000,0x00000000f5680000)
  to   space 46080K, 0% used [0x00000000eb200000,0x00000000eb200000,0x00000000edf00000)
 ParOldGen       total 107520K, used 107295K [0x00000000a0000000, 0x00000000a6900000, 0x00000000e0000000)
  object space 107520K, 99% used [0x00000000a0000000,0x00000000a68c7c18,0x00000000a6900000)
 Metaspace       used 72416K, capacity 75144K, committed 75432K, reserved 1114112K
  class space    used 9236K, capacity 9829K, committed 9904K, reserved 1048576K

Card table byte_map: [0x0000000011a30000,0x0000000011d40000] byte_map_base: 0x0000000011530000

Marking Bits: (ParMarkBitMap*) 0x000000005a419d00
 Begin Bits: [0x0000000012340000, 0x0000000013b40000)
 End Bits:   [0x0000000013b40000, 0x0000000015340000)

Polling page: 0x0000000000910000

CodeCache: size=245760Kb used=44469Kb max_used=44784Kb free=201290Kb
 bounds [0x0000000002670000, 0x0000000005290000, 0x0000000011670000]
 total_blobs=13585 nmethods=12810 adapters=687
 compilation: enabled

Compilation events (10 events):
Event: 1296.277 Thread 0x0000000016038800 16033       3       com.android.dx.dex.file.OffsettedItem::compareTo (9 bytes)
Event: 1296.277 Thread 0x0000000016038800 nmethod 16033 0x0000000004dc3c50 code [0x0000000004dc3e00, 0x0000000004dc44b8]
Event: 1296.277 Thread 0x0000000016038800 16034       3       com.android.dx.dex.file.StringDataItem::compareTo0 (17 bytes)
Event: 1296.278 Thread 0x0000000016038800 nmethod 16034 0x0000000004c08d10 code [0x0000000004c08ee0, 0x0000000004c09858]
Event: 1296.280 Thread 0x0000000016038800 16035       3       com.android.dx.dex.file.MixedItemSection$1::compare (13 bytes)
Event: 1296.280 Thread 0x0000000016038800 nmethod 16035 0x0000000004c082d0 code [0x0000000004c08480, 0x0000000004c08ac8]
Event: 1296.306 Thread 0x0000000015fed000 nmethod 16028 0x0000000004c836d0 code [0x0000000004c83920, 0x0000000004c85148]
Event: 1296.306 Thread 0x0000000015fed000 16032       4       com.android.dx.ssa.MoveParamCombiner$1::visitNonMoveInsn (213 bytes)
Event: 1296.340 Thread 0x0000000016038800 16043 % !   3       com.android.dx.dex.file.MixedItemSection::placeItems @ 72 (185 bytes)
Event: 1296.343 Thread 0x0000000016038800 nmethod 16043% 0x0000000004ea5e90 code [0x0000000004ea6240, 0x0000000004ea8408]

GC Heap History (10 events):
Event: 1285.521 GC heap before
{Heap before GC invocations=24 (full 3):
 PSYoungGen      total 217600K, used 217598K [0x00000000e0000000, 0x00000000f2580000, 0x0000000100000000)
  eden space 182272K, 100% used [0x00000000e0000000,0x00000000eb200000,0x00000000eb200000)
  from space 35328K, 99% used [0x00000000edf00000,0x00000000f017f850,0x00000000f0180000)
  to   space 46080K, 0% used [0x00000000eb200000,0x00000000eb200000,0x00000000edf00000)
 ParOldGen       total 107520K, used 71397K [0x00000000a0000000, 0x00000000a6900000, 0x00000000e0000000)
  object space 107520K, 66% used [0x00000000a0000000,0x00000000a45b96e8,0x00000000a6900000)
 Metaspace       used 72327K, capacity 74970K, committed 75176K, reserved 1114112K
  class space    used 9236K, capacity 9834K, committed 9904K, reserved 1048576K
Event: 1285.697 GC heap after
Heap after GC invocations=24 (full 3):
 PSYoungGen      total 228352K, used 46066K [0x00000000e0000000, 0x00000000f5680000, 0x0000000100000000)
  eden space 182272K, 0% used [0x00000000e0000000,0x00000000e0000000,0x00000000eb200000)
  from space 46080K, 99% used [0x00000000eb200000,0x00000000edefc8b0,0x00000000edf00000)
  to   space 57856K, 0% used [0x00000000f1e00000,0x00000000f1e00000,0x00000000f5680000)
 ParOldGen       total 107520K, used 83695K [0x00000000a0000000, 0x00000000a6900000, 0x00000000e0000000)
  object space 107520K, 77% used [0x00000000a0000000,0x00000000a51bbd78,0x00000000a6900000)
 Metaspace       used 72327K, capacity 74970K, committed 75176K, reserved 1114112K
  class space    used 9236K, capacity 9834K, committed 9904K, reserved 1048576K
}
Event: 1286.958 GC heap before
{Heap before GC invocations=25 (full 3):
 PSYoungGen      total 228352K, used 228338K [0x00000000e0000000, 0x00000000f5680000, 0x0000000100000000)
  eden space 182272K, 100% used [0x00000000e0000000,0x00000000eb200000,0x00000000eb200000)
  from space 46080K, 99% used [0x00000000eb200000,0x00000000edefc8b0,0x00000000edf00000)
  to   space 57856K, 0% used [0x00000000f1e00000,0x00000000f1e00000,0x00000000f5680000)
 ParOldGen       total 107520K, used 83695K [0x00000000a0000000, 0x00000000a6900000, 0x00000000e0000000)
  object space 107520K, 77% used [0x00000000a0000000,0x00000000a51bbd78,0x00000000a6900000)
 Metaspace       used 72378K, capacity 75098K, committed 75176K, reserved 1114112K
  class space    used 9237K, capacity 9834K, committed 9904K, reserved 1048576K
Event: 1287.145 GC heap after
Heap after GC invocations=25 (full 3):
 PSYoungGen      total 240128K, used 57842K [0x00000000e0000000, 0x00000000f5680000, 0x0000000100000000)
  eden space 182272K, 0% used [0x00000000e0000000,0x00000000e0000000,0x00000000eb200000)
  from space 57856K, 99% used [0x00000000f1e00000,0x00000000f567c968,0x00000000f5680000)
  to   space 46080K, 0% used [0x00000000eb200000,0x00000000eb200000,0x00000000edf00000)
 ParOldGen       total 107520K, used 100782K [0x00000000a0000000, 0x00000000a6900000, 0x00000000e0000000)
  object space 107520K, 93% used [0x00000000a0000000,0x00000000a626bb40,0x00000000a6900000)
 Metaspace       used 72378K, capacity 75098K, committed 75176K, reserved 1114112K
  class space    used 9237K, capacity 9834K, committed 9904K, reserved 1048576K
}
Event: 1287.145 GC heap before
{Heap before GC invocations=26 (full 4):
 PSYoungGen      total 240128K, used 57842K [0x00000000e0000000, 0x00000000f5680000, 0x0000000100000000)
  eden space 182272K, 0% used [0x00000000e0000000,0x00000000e0000000,0x00000000eb200000)
  from space 57856K, 99% used [0x00000000f1e00000,0x00000000f567c968,0x00000000f5680000)
  to   space 46080K, 0% used [0x00000000eb200000,0x00000000eb200000,0x00000000edf00000)
 ParOldGen       total 107520K, used 100782K [0x00000000a0000000, 0x00000000a6900000, 0x00000000e0000000)
  object space 107520K, 93% used [0x00000000a0000000,0x00000000a626bb40,0x00000000a6900000)
 Metaspace       used 72378K, capacity 75098K, committed 75176K, reserved 1114112K
  class space    used 9237K, capacity 9834K, committed 9904K, reserved 1048576K
Event: 1289.149 GC heap after
Heap after GC invocations=26 (full 4):
 PSYoungGen      total 240128K, used 19926K [0x00000000e0000000, 0x00000000f5680000, 0x0000000100000000)
  eden space 182272K, 0% used [0x00000000e0000000,0x00000000e0000000,0x00000000eb200000)
  from space 57856K, 34% used [0x00000000f1e00000,0x00000000f3175b18,0x00000000f5680000)
  to   space 46080K, 0% used [0x00000000eb200000,0x00000000eb200000,0x00000000edf00000)
 ParOldGen       total 107520K, used 107454K [0x00000000a0000000, 0x00000000a6900000, 0x00000000e0000000)
  object space 107520K, 99% used [0x00000000a0000000,0x00000000a68ef9e0,0x00000000a6900000)
 Metaspace       used 72371K, capacity 75080K, committed 75176K, reserved 1114112K
  class space    used 9235K, capacity 9829K, committed 9904K, reserved 1048576K
}
Event: 1291.000 GC heap before
{Heap before GC invocations=27 (full 5):
 PSYoungGen      total 240128K, used 202198K [0x00000000e0000000, 0x00000000f5680000, 0x0000000100000000)
  eden space 182272K, 100% used [0x00000000e0000000,0x00000000eb200000,0x00000000eb200000)
  from space 57856K, 34% used [0x00000000f1e00000,0x00000000f3175b18,0x00000000f5680000)
  to   space 46080K, 0% used [0x00000000eb200000,0x00000000eb200000,0x00000000edf00000)
 ParOldGen       total 107520K, used 107454K [0x00000000a0000000, 0x00000000a6900000, 0x00000000e0000000)
  object space 107520K, 99% used [0x00000000a0000000,0x00000000a68ef9e0,0x00000000a6900000)
 Metaspace       used 72390K, capacity 75080K, committed 75176K, reserved 1114112K
  class space    used 9235K, capacity 9829K, committed 9904K, reserved 1048576K
Event: 1292.421 GC heap after
Heap after GC invocations=27 (full 5):
 PSYoungGen      total 240128K, used 18653K [0x00000000e0000000, 0x00000000f5680000, 0x0000000100000000)
  eden space 182272K, 10% used [0x00000000e0000000,0x00000000e12375e0,0x00000000eb200000)
  from space 57856K, 0% used [0x00000000f1e00000,0x00000000f1e00000,0x00000000f5680000)
  to   space 46080K, 0% used [0x00000000eb200000,0x00000000eb200000,0x00000000edf00000)
 ParOldGen       total 107520K, used 107515K [0x00000000a0000000, 0x00000000a6900000, 0x00000000e0000000)
  object space 107520K, 99% used [0x00000000a0000000,0x00000000a68fec48,0x00000000a6900000)
 Metaspace       used 72390K, capacity 75080K, committed 75176K, reserved 1114112K
  class space    used 9235K, capacity 9829K, committed 9904K, reserved 1048576K
}
Event: 1293.443 GC heap before
{Heap before GC invocations=28 (full 6):
 PSYoungGen      total 240128K, used 182272K [0x00000000e0000000, 0x00000000f5680000, 0x0000000100000000)
  eden space 182272K, 100% used [0x00000000e0000000,0x00000000eb200000,0x00000000eb200000)
  from space 57856K, 0% used [0x00000000f1e00000,0x00000000f1e00000,0x00000000f5680000)
  to   space 46080K, 0% used [0x00000000eb200000,0x00000000eb200000,0x00000000edf00000)
 ParOldGen       total 107520K, used 107515K [0x00000000a0000000, 0x00000000a6900000, 0x00000000e0000000)
  object space 107520K, 99% used [0x00000000a0000000,0x00000000a68fec48,0x00000000a6900000)
 Metaspace       used 72397K, capacity 75080K, committed 75176K, reserved 1114112K
  class space    used 9235K, capacity 9829K, committed 9904K, reserved 1048576K
Event: 1294.478 GC heap after
Heap after GC invocations=28 (full 6):
 PSYoungGen      total 240128K, used 18810K [0x00000000e0000000, 0x00000000f5680000, 0x0000000100000000)
  eden space 182272K, 10% used [0x00000000e0000000,0x00000000e125ebd0,0x00000000eb200000)
  from space 57856K, 0% used [0x00000000f1e00000,0x00000000f1e00000,0x00000000f5680000)
  to   space 46080K, 0% used [0x00000000eb200000,0x00000000eb200000,0x00000000edf00000)
 ParOldGen       total 107520K, used 107295K [0x00000000a0000000, 0x00000000a6900000, 0x00000000e0000000)
  object space 107520K, 99% used [0x00000000a0000000,0x00000000a68c7c18,0x00000000a6900000)
 Metaspace       used 72397K, capacity 75080K, committed 75176K, reserved 1114112K
  class space    used 9235K, capacity 9829K, committed 9904K, reserved 1048576K
}

Deoptimization events (10 events):
Event: 1292.523 Thread 0x000000001eaa5800 Uncommon trap: reason=bimorphic action=maybe_recompile pc=0x0000000004df416c method=com.android.dx.ssa.LiteralOpUpgrader.tryReplacingWithConstant(Lcom/android/dx/ssa/NormalSsaInsn;)Z @ 62
Event: 1292.527 Thread 0x000000001eaa5800 Uncommon trap: reason=bimorphic action=maybe_recompile pc=0x0000000004df416c method=com.android.dx.ssa.LiteralOpUpgrader.tryReplacingWithConstant(Lcom/android/dx/ssa/NormalSsaInsn;)Z @ 62
Event: 1295.495 Thread 0x000000001b471800 Uncommon trap: reason=unstable_if action=reinterpret pc=0x0000000004df66c4 method=com.android.dx.util.ByteArrayAnnotatedOutput.writeByte(I)V @ 13
Event: 1295.552 Thread 0x000000001b471000 Uncommon trap: reason=null_check action=make_not_entrant pc=0x000000000520e270 method=com.android.dx.dex.file.TypeIdsSection.intern(Lcom/android/dx/rop/type/Type;)Lcom/android/dx/dex/file/TypeIdItem; @ 26
Event: 1295.995 Thread 0x000000001eaa5000 Uncommon trap: reason=unstable_if action=reinterpret pc=0x0000000005032754 method=java.util.BitSet.nextClearBit(I)I @ 70
Event: 1296.001 Thread 0x000000001eaa5000 Uncommon trap: reason=unstable_if action=reinterpret pc=0x00000000051810ec method=java.util.BitSet.set(II)V @ 48
Event: 1296.001 Thread 0x000000001eaa5000 Uncommon trap: reason=unstable_if action=reinterpret pc=0x0000000004bc1e28 method=java.util.BitSet.set(II)V @ 48
Event: 1296.003 Thread 0x000000001eaa7000 Uncommon trap: reason=unstable_if action=reinterpret pc=0x00000000051884f0 method=com.android.dx.ssa.SCCP.simulateBranch(Lcom/android/dx/ssa/SsaInsn;)V @ 334
Event: 1296.003 Thread 0x000000001eaa5000 Uncommon trap: reason=unstable_if action=reinterpret pc=0x0000000005010c08 method=java.util.BitSet.set(II)V @ 48
Event: 1296.170 Thread 0x000000001b471800 Uncommon trap: reason=unstable_if action=reinterpret pc=0x00000000051b7c08 method=com.android.dx.cf.direct.StdAttributeFactory.parse0(Lcom/android/dx/cf/direct/DirectClassFile;ILjava/lang/String;IILcom/android/dx/cf/iface/ParseObserver;)Lcom/android/dx/cf/NîèG2î@

Internal exceptions (10 events):
Event: 1257.985 Thread 0x000000001b46b800 Exception <a 'java/lang/ClassNotFoundException': com/android/build/gradle/tasks/fd/GenerateInstantRunAppInfoTask_DecoratedCustomizer> (0x00000000eb430350) thrown at [C:\src\android\AOSP-openjdk\external\jetbrains\jdk\hotspot\src\share\vm\classfile\systemDiƒV!ûx√ì@
Event: 1264.868 Thread 0x000000001b46b800 Implicit null exception at 0x000000000456e0ec to 0x000000000456ed3d
Event: 1275.476 Thread 0x000000001b46b800 Exception <a 'java/lang/NoSuchMethodError': <clinit>> (0x00000000e2f192a8) thrown at [C:\src\android\AOSP-openjdk\external\jetbrains\jdk\hotspot\src\share\vm\prims\jni.cpp, line 1591]
Event: 1275.634 Thread 0x000000001b46b800 Implicit null exception at 0x00000000041c99db to 0x00000000041ca389
Event: 1275.638 Thread 0x000000001b46b800 Implicit null exception at 0x00000000041b3d69 to 0x00000000041b4375
Event: 1276.359 Thread 0x000000001b46b800 Exception <a 'java/io/FileNotFoundException'> (0x00000000e7bd3710) thrown at [C:\src\android\AOSP-openjdk\external\jetbrains\jdk\hotspot\src\share\vm\prims\jni.cpp, line 709]
Event: 1280.194 Thread 0x000000001eaa8000 Implicit null exception at 0x000000000480d0d6 to 0x000000000480e789
Event: 1280.195 Thread 0x000000001eaa8000 Implicit null exception at 0x000000000482b30f to 0x000000000482c67d
Event: 1280.932 Thread 0x0000000019145000 Implicit null exception at 0x00000000040973a2 to 0x0000000004097492
Event: 1282.849 Thread 0x000000001eaa5000 Implicit null exception at 0x0000000004e017a2 to 0x0000000004e024b5

Events (10 events):
Event: 1296.222 Thread 0x000000001eaa2800 Thread added: 0x000000001eaa2800
Event: 1296.222 Thread 0x000000001eaaa000 Thread added: 0x000000001eaaa000
Event: 1296.222 Thread 0x000000001eaa3800 Thread added: 0x000000001eaa3800
Event: 1296.224 Thread 0x000000001eaab000 Thread added: 0x000000001eaab000
Event: 1296.320 Executing VM operation: RevokeBias
Event: 1296.338 Executing VM operation: RevokeBias done
Event: 1296.338 Executing VM operation: RevokeBias
Event: 1296.338 Executing VM operation: RevokeBias done
Event: 1296.338 Executing VM operation: BulkRevokeBias
Event: 1296.339 Executing VM operation: BulkRevokeBias done


Dynamic libraries:
0x00007ff748590000 - 0x00007ff7485c1000 	C:\android-studio\jre\bin\java.exe
0x00007fffb69a0000 - 0x00007fffb6b71000 	C:\WINDOWS\SYSTEM32\ntdll.dll
0x00007fffb48c0000 - 0x00007fffb496b000 	C:\WINDOWS\System32\KERNEL32.DLL
0x00007fffb3d10000 - 0x00007fffb3f2d000 	C:\WINDOWS\System32\KERNELBASE.dll
0x00007fffb4e00000 - 0x00007fffb4ea2000 	C:\WINDOWS\System32\ADVAPI32.dll
0x00007fffb4820000 - 0x00007fffb48be000 	C:\WINDOWS\System32\msvcrt.dll
0x00007fffb47b0000 - 0x00007fffb4809000 	C:\WINDOWS\System32\sechost.dll
0x00007fffb3f40000 - 0x00007fffb4061000 	C:\WINDOWS\System32\RPCRT4.dll
0x00007fffb45e0000 - 0x00007fffb4745000 	C:\WINDOWS\System32\USER32.dll
0x00007fffb32e0000 - 0x00007fffb32fe000 	C:\WINDOWS\System32\win32u.dll
0x00007fffb4970000 - 0x00007fffb49a4000 	C:\WINDOWS\System32\GDI32.dll
0x00007fffb2fe0000 - 0x00007fffb3162000 	C:\WINDOWS\System32\gdi32full.dll
0x00007fffad7b0000 - 0x00007fffada29000 	C:\WINDOWS\WinSxS\amd64_microsoft.windows.common-controls_6595b64144ccf1df_6.0.14393.447_none_42191651c6827bb3\COMCTL32.dll
0x00007fffb42a0000 - 0x00007fffb4568000 	C:\WINDOWS\System32\combase.dll
0x00007fffb31e0000 - 0x00007fffb32d5000 	C:\WINDOWS\System32\ucrtbase.dll
0x00007fffb3170000 - 0x00007fffb31da000 	C:\WINDOWS\System32\bcryptPrimitives.dll
0x00007fffb4210000 - 0x00007fffb423e000 	C:\WINDOWS\System32\IMM32.DLL
0x000000005ab10000 - 0x000000005abe2000 	C:\android-studio\jre\jre\bin\msvcr100.dll
0x0000000059c60000 - 0x000000005a494000 	C:\android-studio\jre\jre\bin\server\jvm.dll
0x00007fffb64c0000 - 0x00007fffb64c8000 	C:\WINDOWS\System32\PSAPI.DLL
0x00007fffae0a0000 - 0x00007fffae0aa000 	C:\WINDOWS\SYSTEM32\VERSION.dll
0x00007fffb0de0000 - 0x00007fffb0e03000 	C:\WINDOWS\SYSTEM32\WINMM.dll
0x00007fffa7c10000 - 0x00007fffa7c19000 	C:\WINDOWS\SYSTEM32\WSOCK32.dll
0x00007fffb4570000 - 0x00007fffb45da000 	C:\WINDOWS\System32\WS2_32.dll
0x00007fffb0db0000 - 0x00007fffb0ddb000 	C:\WINDOWS\SYSTEM32\WINMMBASE.dll
0x00007fffb3360000 - 0x00007fffb33a2000 	C:\WINDOWS\System32\cfgmgr32.dll
0x00007fffb07f0000 - 0x00007fffb07ff000 	C:\android-studio\jre\jre\bin\verify.dll
0x00007fffaf550000 - 0x00007fffaf579000 	C:\android-studio\jre\jre\bin\java.dll
0x00007fffac690000 - 0x00007fffac6a6000 	C:\android-studio\jre\jre\bin\zip.dll
0x00007fffb4eb0000 - 0x00007fffb63b9000 	C:\WINDOWS\System32\SHELL32.dll
0x00007fffb3630000 - 0x00007fffb3d0a000 	C:\WINDOWS\System32\windows.storage.dll
0x00007fffb2e40000 - 0x00007fffb2e8c000 	C:\WINDOWS\System32\powrprof.dll
0x00007fffb4750000 - 0x00007fffb47a2000 	C:\WINDOWS\System32\shlwapi.dll
0x00007fffb2e20000 - 0x00007fffb2e2f000 	C:\WINDOWS\System32\kernel.appcore.dll
0x00007fffb2f30000 - 0x00007fffb2fd9000 	C:\WINDOWS\System32\shcore.dll
0x00007fffb2e00000 - 0x00007fffb2e14000 	C:\WINDOWS\System32\profapi.dll
0x00007fffac670000 - 0x00007fffac68a000 	C:\android-studio\jre\jre\bin\net.dll
0x00007fffb2600000 - 0x00007fffb265c000 	C:\WINDOWS\system32\mswsock.dll
0x00007fffa8580000 - 0x00007fffa8591000 	C:\android-studio\jre\jre\bin\nio.dll
0x00007fffa7640000 - 0x00007fffa7652000 	C:\Users\63170_000\.gradle\native\19\windows-amd64\native-platform.dll
0x00007fffb2870000 - 0x00007fffb2887000 	C:\WINDOWS\SYSTEM32\CRYPTSP.dll
0x00007fffb2780000 - 0x00007fffb27b3000 	C:\WINDOWS\system32\rsaenh.dll
0x00007fffb2d40000 - 0x00007fffb2d6b000 	C:\WINDOWS\SYSTEM32\bcrypt.dll
0x00007fffb2480000 - 0x00007fffb249f000 	C:\WINDOWS\SYSTEM32\USERENV.dll
0x00007fffb2d30000 - 0x00007fffb2d3b000 	C:\WINDOWS\SYSTEM32\CRYPTBASE.dll
0x00007fffb2390000 - 0x00007fffb23c8000 	C:\WINDOWS\SYSTEM32\IPHLPAPI.DLL
0x00007fffb4810000 - 0x00007fffb4818000 	C:\WINDOWS\System32\NSI.dll
0x00007fffaf450000 - 0x00007fffaf466000 	C:\WINDOWS\SYSTEM32\dhcpcsvc6.DLL
0x00007fffaf430000 - 0x00007fffaf44a000 	C:\WINDOWS\SYSTEM32\dhcpcsvc.DLL
0x00007fffb07e0000 - 0x00007fffb07ed000 	C:\android-studio\jre\jre\bin\management.dll

VM Arguments:
jvm_args: -Xmx1536m -Dfile.encoding=GBK -Duser.country=CN -Duser.language=zh -Duser.variant 
java_command: org.gradle.launcher.daemon.bootstrap.GradleDaemon 2.14.1
java_class_path (initial): C:\android-studio\gradle\gradle-2.14.1\lib\gradle-launcher-2.14.1.jar
Launcher Type: SUN_STANDARD

Environment Variables:
JAVA_HOME=C:\Program Files\Java\jdk1.8.0_51
CLASSPATH=.;C:\Program Files\Java\jdk1.8.0_51\lib\dt.jar;C:\Program Files\Java\jdk1.8.0_51\lib\tools.jar;
PATH=C:\adt-bundle-windows-x86_64-20140702\sdk\platform-tools;C:\adt-bundle-windows-x86_64-20140702\sdk\tools;C:\Program Files\Java\jdk1.8.0_51\bin;C:\Program Files\Java\jdk1.8.0_51\jre\bin;C:\ProgramData\Oracle\Java\javapath;C:\WINDOWS\system32;C:\WINDOWS;C:\WINDOWS\System32\Wbem;C:\WINDOWS\System32\WindowsPowerShell\v1.0\;C:\Program Files (x86)\NVIDIA Corporation\PhysX\Common;C:\Program Files\MySQL\MySQL Server 5.7\bin;C:\Program Files (x86)\MySQL\MySQL Server 5.1\bin;C:\WINDOWS\system32;C:\WINDOWS;C:\WINDOWS\System32\Wbem;C:\adt-bundle-windows-x86_64-20140702\sdk\platform-tools\adb.exe;?C:\Program Files\Genymobile\Genymotion\tools\adb.exe;C:\WINDOWS\System32\WindowsPowerShell\v1.0\;C:\Program Files (x86)\GtkSharp\2.12\bin;C:\Program Files\Git\cmd;C:\Users\63170_000\AppData\Local\Microsoft\WindowsApps;
USERNAME=kingwag
OS=Windows_NT
PROCESSOR_IDENTIFIER=Intel64 Family 6 Model 58 Stepping 9, GenuineIntel



---------------  S Y S T E M  ---------------

OS: Windows 10.0 , 64 bit Build 14393 (10.0.14393.0)

CPU:total 4 (2 cores per cpu, 2 threads per core) family 6 model 58 stepping 9, cmov, cx8, fxsr, mmx, sse, sse2, sse3, ssse3, sse4.1, sse4.2, popcnt, avx, aes, clmul, erms, ht, tsc, tscinvbit, tscinv

Memory: 4k page, physical 8271408k(449560k free), swap 8271408k(5600k free)

vm_info: OpenJDK 64-Bit Server VM (25.76-b03) for windows-amd64 JRE (1.8.0_76-release-b03), built on Jun 29 2016 19:09:20 by "ralucas" with MS VC++ 10.0 (VS2010)

time: Fri Dec 16 00:20:45 2016
elapsed time: 1296 seconds (0d 0h 21m 36s)

