#
# There is insufficient memory for the Java Runtime Environment to continue.
# Native memory allocation (malloc) failed to allocate 160576 bytes for Chunk::new
# Possible reasons:
#   The system is out of physical RAM or swap space
#   In 32 bit mode, the process size limit was hit
# Possible solutions:
#   Reduce memory load on the system
#   Increase physical memory or swap space
#   Check if swap backing store is full
#   Use 64 bit Java on a 64 bit OS
#   Decrease Java heap size (-Xmx/-Xms)
#   Decrease number of Java threads
#   Decrease Java thread stack sizes (-Xss)
#   Set larger code cache with -XX:ReservedCodeCacheSize=
# This output file may be truncated or incomplete.
#
#  Out of Memory Error (allocation.cpp:390), pid=2720, tid=0x0000000000000728
#
# JRE version: OpenJDK Runtime Environment (8.0_76-b03) (build 1.8.0_76-release-b03)
# Java VM: OpenJDK 64-Bit Server VM (25.76-b03 mixed mode windows-amd64 compressed oops)
# Failed to write core dump. Minidumps are not enabled by default on client versions of Windows
#

---------------  T H R E A D  ---------------

Current thread (0x0000000015c0a800):  JavaThread "C2 CompilerThread1" daemon [_thread_in_native, id=1832, stack(0x0000000017210000,0x0000000017310000)]

Stack: [0x0000000017210000,0x0000000017310000]
[error occurred during error reporting (printing stack bounds), id 0xc0000005]

Native frames: (J=compiled Java code, j=interpreted, Vv=VM code, C=native code)


Current CompileTask:
C2:   6083 1577       4       com.android.dx.ssa.InterferenceRegisterMapper::addInterfence (62 bytes)


---------------  P R O C E S S  ---------------

Java Threads: ( => current thread )
  0x000000001757d000 JavaThread "pool-1-thread-4" [_thread_blocked, id=1004, stack(0x0000000017e10000,0x0000000017f10000)]
  0x000000001757c800 JavaThread "pool-1-thread-3" [_thread_blocked, id=12148, stack(0x0000000017d10000,0x0000000017e10000)]
  0x000000001756b000 JavaThread "pool-1-thread-2" [_thread_blocked, id=1068, stack(0x0000000017c10000,0x0000000017d10000)]
  0x0000000017484800 JavaThread "pool-2-thread-1" [_thread_blocked, id=3768, stack(0x0000000017b10000,0x0000000017c10000)]
  0x000000001747e800 JavaThread "pool-1-thread-1" [_thread_blocked, id=2696, stack(0x0000000017a10000,0x0000000017b10000)]
  0x000000001736d800 JavaThread "Service Thread" daemon [_thread_blocked, id=3100, stack(0x0000000017810000,0x0000000017910000)]
  0x0000000015c0e800 JavaThread "C1 CompilerThread2" daemon [_thread_blocked, id=10548, stack(0x0000000017710000,0x0000000017810000)]
=>0x0000000015c0a800 JavaThread "C2 CompilerThread1" daemon [_thread_in_native, id=1832, stack(0x0000000017210000,0x0000000017310000)]
  0x0000000015c08800 JavaThread "C2 CompilerThread0" daemon [_thread_in_native, id=5260, stack(0x0000000017110000,0x0000000017210000)]
  0x0000000015bbb800 JavaThread "Attach Listener" daemon [_thread_blocked, id=12168, stack(0x0000000017010000,0x0000000017110000)]
  0x0000000015bba000 JavaThread "Signal Dispatcher" daemon [_thread_blocked, id=7196, stack(0x0000000016f10000,0x0000000017010000)]
  0x0000000015b98000 JavaThread "Finalizer" daemon [_thread_blocked, id=13268, stack(0x0000000016e10000,0x0000000016f10000)]
  0x00000000034cf000 JavaThread "Reference Handler" daemon [_thread_blocked, id=10520, stack(0x0000000016d10000,0x0000000016e10000)]
  0x00000000033e0800 JavaThread "main" [_thread_in_vm, id=2916, stack(0x0000000002f00000,0x0000000003000000)]

Other Threads:
  0x0000000015b75800 VMThread [stack: 0x0000000016c10000,0x0000000016d10000] [id=11848]
  0x000000001736f000 WatcherThread [stack: 0x0000000017910000,0x0000000017a10000] [id=11088]

VM state:not at safepoint (normal execution)

VM Mutex/Monitor currently owned by a thread: None

Heap:
 PSYoungGen      total 38400K, used 20100K [0x00000000eab00000, 0x00000000ed580000, 0x0000000100000000)
  eden space 33280K, 45% used [0x00000000eab00000,0x00000000eb9a2e38,0x00000000ecb80000)
  from space 5120K, 99% used [0x00000000ed080000,0x00000000ed57e3e0,0x00000000ed580000)
  to   space 5120K, 0% used [0x00000000ecb80000,0x00000000ecb80000,0x00000000ed080000)
 ParOldGen       total 87552K, used 5932K [0x00000000c0000000, 0x00000000c5580000, 0x00000000eab00000)
  object space 87552K, 6% used [0x00000000c0000000,0x00000000c05cb378,0x00000000c5580000)
 Metaspace       used 6039K, capacity 7088K, committed 7296K, reserved 1056768K
  class space    used 567K, capacity 616K, committed 640K, reserved 1048576K

Card table byte_map: [0x00000000128a0000,0x0000000012ab0000] byte_map_base: 0x00000000122a0000

Marking Bits: (ParMarkBitMap*) 0x000000006b459d00
 Begin Bits: [0x0000000013010000, 0x0000000014010000)
 End Bits:   [0x0000000014010000, 0x0000000015010000)

Polling page: 0x0000000001430000

CodeCache: size=245760Kb used=6866Kb max_used=6892Kb free=238893Kb
 bounds [0x00000000034e0000, 0x0000000003bb0000, 0x00000000124e0000]
 total_blobs=1822 nmethods=1558 adapters=178
 compilation: enabled

Compilation events (10 events):
Event: 5.751 Thread 0x0000000015c08800 1561       4       com.android.dx.rop.code.Insn::getLocalAssignment (48 bytes)
Event: 5.753 Thread 0x0000000015c08800 nmethod 1561 0x0000000003b82a10 code [0x0000000003b82b60, 0x0000000003b82c58]
Event: 5.753 Thread 0x0000000015c08800 1555       4       com.android.dx.ssa.SsaBasicBlock::exitBlockFixup (58 bytes)
Event: 5.776 Thread 0x0000000015c08800 nmethod 1555 0x0000000003b832d0 code [0x0000000003b83440, 0x0000000003b83f18]
Event: 5.776 Thread 0x0000000015c08800 1545 %     4       com.android.dx.rop.code.InsnList::forEach @ 7 (28 bytes)
Event: 5.780 Thread 0x0000000015c08800 nmethod 1545% 0x0000000003b80b10 code [0x0000000003b80c60, 0x0000000003b80e78]
Event: 5.970 Thread 0x0000000015c0a800 nmethod 1556 0x0000000003b95a50 code [0x0000000003b95ee0, 0x0000000003b99f60]
Event: 6.070 Thread 0x0000000015c08800 1576       4       com.android.dx.ssa.back.FirstFitLocalCombiningAllocator::getParameterIndexForReg (55 bytes)
Event: 6.073 Thread 0x0000000015c0a800 1577       4       com.android.dx.ssa.InterferenceRegisterMapper::addInterfence (62 bytes)
Event: 6.076 Thread 0x0000000015c08800 nmethod 1576 0x0000000003b82250 code [0x0000000003b823c0, 0x0000000003b826a8]

GC Heap History (4 events):
Event: 3.366 GC heap before
{Heap before GC invocations=1 (full 0):
 PSYoungGen      total 38400K, used 33280K [0x00000000eab00000, 0x00000000ed580000, 0x0000000100000000)
  eden space 33280K, 100% used [0x00000000eab00000,0x00000000ecb80000,0x00000000ecb80000)
  from space 5120K, 0% used [0x00000000ed080000,0x00000000ed080000,0x00000000ed580000)
  to   space 5120K, 0% used [0x00000000ecb80000,0x00000000ecb80000,0x00000000ed080000)
 ParOldGen       total 87552K, used 0K [0x00000000c0000000, 0x00000000c5580000, 0x00000000eab00000)
  object space 87552K, 0% used [0x00000000c0000000,0x00000000c0000000,0x00000000c5580000)
 Metaspace       used 5898K, capacity 6960K, committed 7040K, reserved 1056768K
  class space    used 567K, capacity 616K, committed 640K, reserved 1048576K
Event: 3.417 GC heap after
Heap after GC invocations=1 (full 0):
 PSYoungGen      total 38400K, used 5118K [0x00000000eab00000, 0x00000000ed580000, 0x0000000100000000)
  eden space 33280K, 0% used [0x00000000eab00000,0x00000000eab00000,0x00000000ecb80000)
  from space 5120K, 99% used [0x00000000ecb80000,0x00000000ed07f920,0x00000000ed080000)
  to   space 5120K, 0% used [0x00000000ed080000,0x00000000ed080000,0x00000000ed580000)
 ParOldGen       total 87552K, used 2454K [0x00000000c0000000, 0x00000000c5580000, 0x00000000eab00000)
  object space 87552K, 2% used [0x00000000c0000000,0x00000000c02658a0,0x00000000c5580000)
 Metaspace       used 5898K, capacity 6960K, committed 7040K, reserved 1056768K
  class space    used 567K, capacity 616K, committed 640K, reserved 1048576K
}
Event: 5.051 GC heap before
{Heap before GC invocations=2 (full 0):
 PSYoungGen      total 38400K, used 38398K [0x00000000eab00000, 0x00000000ed580000, 0x0000000100000000)
  eden space 33280K, 100% used [0x00000000eab00000,0x00000000ecb80000,0x00000000ecb80000)
  from space 5120K, 99% used [0x00000000ecb80000,0x00000000ed07f920,0x00000000ed080000)
  to   space 5120K, 0% used [0x00000000ed080000,0x00000000ed080000,0x00000000ed580000)
 ParOldGen       total 87552K, used 2454K [0x00000000c0000000, 0x00000000c5580000, 0x00000000eab00000)
  object space 87552K, 2% used [0x00000000c0000000,0x00000000c02658a0,0x00000000c5580000)
 Metaspace       used 6030K, capacity 7088K, committed 7296K, reserved 1056768K
  class space    used 567K, capacity 616K, committed 640K, reserved 1048576K
Event: 5.233 GC heap after
Heap after GC invocations=2 (full 0):
 PSYoungGen      total 38400K, used 5112K [0x00000000eab00000, 0x00000000ed580000, 0x0000000100000000)
  eden space 33280K, 0% used [0x00000000eab00000,0x00000000eab00000,0x00000000ecb80000)
  from space 5120K, 99% used [0x00000000ed080000,0x00000000ed57e3e0,0x00000000ed580000)
  to   space 5120K, 0% used [0x00000000ecb80000,0x00000000ecb80000,0x00000000ed080000)
 ParOldGen       total 87552K, used 5932K [0x00000000c0000000, 0x00000000c5580000, 0x00000000eab00000)
  object space 87552K, 6% used [0x00000000c0000000,0x00000000c05cb378,0x00000000c5580000)
 Metaspace       used 6030K, capacity 7088K, committed 7296K, reserved 1056768K
  class space    used 567K, capacity 616K, committed 640K, reserved 1048576K
}

Deoptimization events (10 events):
Event: 4.253 Thread 0x000000001747e800 Uncommon trap: reason=unstable_if action=reinterpret pc=0x0000000003abda90 method=com.android.dx.ssa.SCCP.simulateStmt(Lcom/android/dx/ssa/SsaInsn;)V @ 59
Event: 4.768 Thread 0x000000001756b000 Uncommon trap: reason=bimorphic action=maybe_recompile pc=0x0000000003a9e1f8 method=com.android.dx.rop.code.RegisterSpec.withSimpleType()Lcom/android/dx/rop/code/RegisterSpec; @ 21
Event: 4.770 Thread 0x000000001756b000 Uncommon trap: reason=null_check action=make_not_entrant pc=0x00000000039de148 method=com.android.dx.ssa.SsaRenamer.getLocalForNewReg(I)Lcom/android/dx/rop/code/LocalItem; @ 19
Event: 5.018 Thread 0x000000001756b000 Uncommon trap: reason=bimorphic action=maybe_recompile pc=0x0000000003a9e1f8 method=com.android.dx.rop.code.RegisterSpec.withSimpleType()Lcom/android/dx/rop/code/RegisterSpec; @ 21
Event: 5.265 Thread 0x00000000033e0800 Uncommon trap: reason=unstable_if action=reinterpret pc=0x000000000396b67c method=com.android.dx.util.IntList.binarysearch(I)I @ 105
Event: 5.267 Thread 0x00000000033e0800 Uncommon trap: reason=unstable_if action=reinterpret pc=0x0000000003b473c8 method=com.android.dx.ssa.SsaMethod.blockIndexToRopLabel(I)I @ 1
Event: 5.491 Thread 0x00000000033e0800 Uncommon trap: reason=unstable_if action=reinterpret pc=0x0000000003a9e24c method=com.android.dx.rop.code.RegisterSpec.equals(ILcom/android/dx/rop/type/TypeBearer;Lcom/android/dx/rop/code/LocalItem;)Z @ 42
Event: 5.500 Thread 0x00000000033e0800 Uncommon trap: reason=unstable_if action=reinterpret pc=0x00000000038a2694 method=com.android.dx.rop.code.RegisterSpec.equals(ILcom/android/dx/rop/type/TypeBearer;Lcom/android/dx/rop/code/LocalItem;)Z @ 42
Event: 5.579 Thread 0x00000000033e0800 Uncommon trap: reason=bimorphic action=maybe_recompile pc=0x0000000003a63ed0 method=com.android.dx.cf.code.BytecodeArray.parseInstruction(ILcom/android/dx/cf/code/BytecodeArray$Visitor;)I @ 1501
Event: 5.587 Thread 0x00000000033e0800 Uncommon trap: reason=bimorphic action=maybe_recompile pc=0x0000000003a63ed0 method=com.android.dx.cf.code.BytecodeArray.parseInstruction(ILcom/android/dx/cf/code/BytecodeArray$Visitor;)I @ 1501

Internal exceptions (3 events):
Event: 0.158 Thread 0x00000000033e0800 Exception <a 'java/lang/NoSuchMethodError': Method sun.misc.Unsafe.defineClass(Ljava/lang/String;[BII)Ljava/lang/Class; name or signature does not match> (0x00000000eab07cc0) thrown at [C:\src\android\AOSP-openjdk\external\jetbrains\jdk\hotspot\src\share\vÞ2@ò?Ä?
Event: 0.158 Thread 0x00000000033e0800 Exception <a 'java/lang/NoSuchMethodError': Method sun.misc.Unsafe.prefetchRead(Ljava/lang/Object;J)V name or signature does not match> (0x00000000eab07fa8) thrown at [C:\src\android\AOSP-openjdk\external\jetbrains\jdk\hotspot\src\share\vm\prims\jni.cpp, l¡Â‰ô@
Event: 4.769 Thread 0x000000001756b000 Implicit null exception at 0x00000000039dcced to 0x00000000039de115

Events (10 events):
Event: 5.491 Thread 0x00000000033e0800 DEOPT UNPACKING pc=0x000000000352556a sp=0x0000000002ffe708 mode 2
Event: 5.500 Thread 0x00000000033e0800 Uncommon trap: trap_request=0xffffff65 fr.pc=0x00000000038a2694
Event: 5.500 Thread 0x00000000033e0800 DEOPT PACKING pc=0x00000000038a2694 sp=0x0000000002ffe680
Event: 5.500 Thread 0x00000000033e0800 DEOPT UNPACKING pc=0x000000000352556a sp=0x0000000002ffe608 mode 2
Event: 5.579 Thread 0x00000000033e0800 Uncommon trap: trap_request=0xffffffc6 fr.pc=0x0000000003a63ed0
Event: 5.579 Thread 0x00000000033e0800 DEOPT PACKING pc=0x0000000003a63ed0 sp=0x0000000002ffe6f0
Event: 5.579 Thread 0x00000000033e0800 DEOPT UNPACKING pc=0x000000000352556a sp=0x0000000002ffe670 mode 2
Event: 5.587 Thread 0x00000000033e0800 Uncommon trap: trap_request=0xffffffc6 fr.pc=0x0000000003a63ed0
Event: 5.587 Thread 0x00000000033e0800 DEOPT PACKING pc=0x0000000003a63ed0 sp=0x0000000002ffe4b0
Event: 5.587 Thread 0x00000000033e0800 DEOPT UNPACKING pc=0x000000000352556a sp=0x0000000002ffe430 mode 2


Dynamic libraries:
0x00007ff74b540000 - 0x00007ff74b571000 	C:\android-studio\jre\bin\java.exe
0x00007ffef99f0000 - 0x00007ffef9bc1000 	C:\WINDOWS\SYSTEM32\ntdll.dll
0x00007ffef94c0000 - 0x00007ffef956b000 	C:\WINDOWS\System32\KERNEL32.DLL
0x00007ffef62b0000 - 0x00007ffef64cd000 	C:\WINDOWS\System32\KERNELBASE.dll
0x00007ffef9110000 - 0x00007ffef91b2000 	C:\WINDOWS\System32\ADVAPI32.dll
0x00007ffef88c0000 - 0x00007ffef895e000 	C:\WINDOWS\System32\msvcrt.dll
0x00007ffef9460000 - 0x00007ffef94b9000 	C:\WINDOWS\System32\sechost.dll
0x00007ffef8a60000 - 0x00007ffef8b81000 	C:\WINDOWS\System32\RPCRT4.dll
0x00007ffef8b90000 - 0x00007ffef8cf5000 	C:\WINDOWS\System32\USER32.dll
0x00007ffef66f0000 - 0x00007ffef670e000 	C:\WINDOWS\System32\win32u.dll
0x00007ffef6fe0000 - 0x00007ffef7014000 	C:\WINDOWS\System32\GDI32.dll
0x00007ffef6df0000 - 0x00007ffef6f72000 	C:\WINDOWS\System32\gdi32full.dll
0x00007ffef01d0000 - 0x00007ffef0449000 	C:\WINDOWS\WinSxS\amd64_microsoft.windows.common-controls_6595b64144ccf1df_6.0.14393.447_none_42191651c6827bb3\COMCTL32.dll
0x00007ffef8e40000 - 0x00007ffef9108000 	C:\WINDOWS\System32\combase.dll
0x00007ffef61b0000 - 0x00007ffef62a5000 	C:\WINDOWS\System32\ucrtbase.dll
0x00007ffef6090000 - 0x00007ffef60fa000 	C:\WINDOWS\System32\bcryptPrimitives.dll
0x00007ffef99c0000 - 0x00007ffef99ee000 	C:\WINDOWS\System32\IMM32.DLL
0x000000006abc0000 - 0x000000006ac92000 	C:\android-studio\jre\jre\bin\msvcr100.dll
0x000000006aca0000 - 0x000000006b4d4000 	C:\android-studio\jre\jre\bin\server\jvm.dll
0x00007ffef7030000 - 0x00007ffef7038000 	C:\WINDOWS\System32\PSAPI.DLL
0x00007ffedf2d0000 - 0x00007ffedf2d9000 	C:\WINDOWS\SYSTEM32\WSOCK32.dll
0x00007ffef8850000 - 0x00007ffef88ba000 	C:\WINDOWS\System32\WS2_32.dll
0x00007ffef3d70000 - 0x00007ffef3d93000 	C:\WINDOWS\SYSTEM32\WINMM.dll
0x00007ffef1a90000 - 0x00007ffef1a9a000 	C:\WINDOWS\SYSTEM32\VERSION.dll
0x00007ffef3d40000 - 0x00007ffef3d6b000 	C:\WINDOWS\SYSTEM32\WINMMBASE.dll
0x00007ffef66a0000 - 0x00007ffef66e2000 	C:\WINDOWS\System32\cfgmgr32.dll
0x00007ffef3b90000 - 0x00007ffef3b9f000 	C:\android-studio\jre\jre\bin\verify.dll
0x00007ffef22b0000 - 0x00007ffef22d9000 	C:\android-studio\jre\jre\bin\java.dll
0x00007ffeed620000 - 0x00007ffeed636000 	C:\android-studio\jre\jre\bin\zip.dll
0x00007ffef7340000 - 0x00007ffef8849000 	C:\WINDOWS\System32\SHELL32.dll
0x00007ffef6710000 - 0x00007ffef6dea000 	C:\WINDOWS\System32\windows.storage.dll
0x00007ffef5e70000 - 0x00007ffef5ebc000 	C:\WINDOWS\System32\powrprof.dll
0x00007ffef6f80000 - 0x00007ffef6fd2000 	C:\WINDOWS\System32\shlwapi.dll
0x00007ffef5e60000 - 0x00007ffef5e6f000 	C:\WINDOWS\System32\kernel.appcore.dll
0x00007ffef5fe0000 - 0x00007ffef6089000 	C:\WINDOWS\System32\shcore.dll
0x00007ffef5ec0000 - 0x00007ffef5ed4000 	C:\WINDOWS\System32\profapi.dll

VM Arguments:
jvm_args: -Djava.awt.headless=true -Xmx1024M -Dfile.encoding=GBK -Duser.country=CN -Duser.language=zh -Duser.variant 
java_command: com.android.dx.command.Main --dex --force-jumbo --num-threads=4 --output S:\ReviewSpace\Android11_07_CustomDialog\app\build\intermediates\pre-dexed\debug\com.android.support-support-fragment-25.0.1_bb40bc94f435180b546a92e0a0c79bec469f2030.jar S:\ReviewSpace\Android11_07_CustomDialog\app\build\intermediates\exploded-aar\com.android.support\support-fragment\25.0.1\jars\classes.jar
java_class_path (initial): C:\adt-bundle-windows-x86_64-20140702\sdk\build-tools\25.0.1\lib\dx.jar
Launcher Type: SUN_STANDARD

Environment Variables:
JAVA_HOME=C:\Program Files\Java\jdk1.8.0_51
CLASSPATH=.;C:\Program Files\Java\jdk1.8.0_51\lib\dt.jar;C:\Program Files\Java\jdk1.8.0_51\lib\tools.jar;
PATH=C:\adt-bundle-windows-x86_64-20140702\sdk\platform-tools;C:\adt-bundle-windows-x86_64-20140702\sdk\tools;C:\Program Files\Java\jdk1.8.0_51\bin;C:\Program Files\Java\jdk1.8.0_51\jre\bin;C:\ProgramData\Oracle\Java\javapath;C:\WINDOWS\system32;C:\WINDOWS;C:\WINDOWS\System32\Wbem;C:\WINDOWS\System32\WindowsPowerShell\v1.0\;C:\Program Files (x86)\NVIDIA Corporation\PhysX\Common;C:\Program Files\MySQL\MySQL Server 5.7\bin;C:\Program Files (x86)\MySQL\MySQL Server 5.1\bin;C:\WINDOWS\system32;C:\WINDOWS;C:\WINDOWS\System32\Wbem;C:\adt-bundle-windows-x86_64-20140702\sdk\platform-tools\adb.exe;?C:\Program Files\Genymobile\Genymotion\tools\adb.exe;C:\WINDOWS\System32\WindowsPowerShell\v1.0\;C:\Program Files (x86)\GtkSharp\2.12\bin;C:\Program Files\Git\cmd;C:\Users\63170_000\AppData\Local\Microsoft\WindowsApps;
USERNAME=kingwag
OS=Windows_NT
PROCESSOR_IDENTIFIER=Intel64 Family 6 Model 58 Stepping 9, GenuineIntel



---------------  S Y S T E M  ---------------

OS: Windows 10.0 , 64 bit Build 14393 (10.0.14393.0)

CPU:total 4 (2 cores per cpu, 2 threads per core) family 6 model 58 stepping 9, cmov, cx8, fxsr, mmx, sse, sse2, sse3, ssse3, sse4.1, sse4.2, popcnt, avx, aes, clmul, erms, ht, tsc, tscinvbit, tscinv

Memory: 4k page, physical 8271408k(1276156k free), swap 8271408k(5128k free)

vm_info: OpenJDK 64-Bit Server VM (25.76-b03) for windows-amd64 JRE (1.8.0_76-release-b03), built on Jun 29 2016 19:09:20 by "ralucas" with MS VC++ 10.0 (VS2010)

time: Tue Dec 13 00:43:22 2016
elapsed time: 6 seconds (0d 0h 0m 6s)

