#
# There is insufficient memory for the Java Runtime Environment to continue.
# Native memory allocation (malloc) failed to allocate 408096 bytes for Chunk::new
# Possible reasons:
#   The system is out of physical RAM or swap space
#   In 32 bit mode, the process size limit was hit
# Possible solutions:
#   Reduce memory load on the system
#   Increase physical memory or swap space
#   Check if swap backing store is full
#   Use 64 bit Java on a 64 bit OS
#   Decrease Java heap size (-Xmx/-Xms)
#   Decrease number of Java threads
#   Decrease Java thread stack sizes (-Xss)
#   Set larger code cache with -XX:ReservedCodeCacheSize=
# This output file may be truncated or incomplete.
#
#  Out of Memory Error (allocation.cpp:390), pid=8520, tid=0x0000000000003068
#
# JRE version: OpenJDK Runtime Environment (8.0_76-b03) (build 1.8.0_76-release-b03)
# Java VM: OpenJDK 64-Bit Server VM (25.76-b03 mixed mode windows-amd64 compressed oops)
# Failed to write core dump. Minidumps are not enabled by default on client versions of Windows
#

---------------  T H R E A D  ---------------

Current thread (0x00000000154ea800):  JavaThread "C2 CompilerThread1" daemon [_thread_in_native, id=12392, stack(0x0000000016b00000,0x0000000016c00000)]

Stack: [0x0000000016b00000,0x0000000016c00000]
[error occurred during error reporting (printing stack bounds), id 0xc0000005]

Native frames: (J=compiled Java code, j=interpreted, Vv=VM code, C=native code)


Current CompileTask:
C2:   1171  658       4       com.android.dx.ssa.NormalSsaInsn::accept (25 bytes)


---------------  P R O C E S S  ---------------

Java Threads: ( => current thread )
  0x0000000016e69800 JavaThread "pool-1-thread-4" [_thread_blocked, id=10836, stack(0x0000000017700000,0x0000000017800000)]
  0x0000000016d74800 JavaThread "pool-1-thread-3" [_thread_in_Java, id=4532, stack(0x0000000017600000,0x0000000017700000)]
  0x0000000016d7c800 JavaThread "pool-1-thread-2" [_thread_in_Java, id=6932, stack(0x0000000017500000,0x0000000017600000)]
  0x0000000016d79000 JavaThread "pool-2-thread-1" [_thread_blocked, id=7956, stack(0x0000000017400000,0x0000000017500000)]
  0x0000000016d6e800 JavaThread "pool-1-thread-1" [_thread_in_Java, id=11552, stack(0x0000000017300000,0x0000000017400000)]
  0x0000000016c65800 JavaThread "Service Thread" daemon [_thread_blocked, id=332, stack(0x0000000017100000,0x0000000017200000)]
  0x00000000154ee800 JavaThread "C1 CompilerThread2" daemon [_thread_in_native, id=11392, stack(0x0000000017000000,0x0000000017100000)]
=>0x00000000154ea800 JavaThread "C2 CompilerThread1" daemon [_thread_in_native, id=12392, stack(0x0000000016b00000,0x0000000016c00000)]
  0x00000000154e8800 JavaThread "C2 CompilerThread0" daemon [_thread_in_native, id=13304, stack(0x0000000016a00000,0x0000000016b00000)]
  0x000000001549b800 JavaThread "Attach Listener" daemon [_thread_blocked, id=8552, stack(0x0000000016900000,0x0000000016a00000)]
  0x000000001549a000 JavaThread "Signal Dispatcher" daemon [_thread_blocked, id=12708, stack(0x0000000016800000,0x0000000016900000)]
  0x0000000015478000 JavaThread "Finalizer" daemon [_thread_blocked, id=3596, stack(0x0000000016700000,0x0000000016800000)]
  0x0000000002daf000 JavaThread "Reference Handler" daemon [_thread_blocked, id=8112, stack(0x0000000016600000,0x0000000016700000)]
  0x0000000002cc0800 JavaThread "main" [_thread_in_native, id=12912, stack(0x0000000002bc0000,0x0000000002cc0000)]

Other Threads:
  0x0000000015456000 VMThread [stack: 0x0000000016500000,0x0000000016600000] [id=10056]
  0x0000000016c67000 WatcherThread [stack: 0x0000000017200000,0x0000000017300000] [id=9780]

VM state:not at safepoint (normal execution)

VM Mutex/Monitor currently owned by a thread: None

Heap:
 PSYoungGen      total 38400K, used 15316K [0x00000000eab00000, 0x00000000ed580000, 0x0000000100000000)
  eden space 33280K, 46% used [0x00000000eab00000,0x00000000eb9f5220,0x00000000ecb80000)
  from space 5120K, 0% used [0x00000000ed080000,0x00000000ed080000,0x00000000ed580000)
  to   space 5120K, 0% used [0x00000000ecb80000,0x00000000ecb80000,0x00000000ed080000)
 ParOldGen       total 87552K, used 0K [0x00000000c0000000, 0x00000000c5580000, 0x00000000eab00000)
  object space 87552K, 0% used [0x00000000c0000000,0x00000000c0000000,0x00000000c5580000)
 Metaspace       used 5544K, capacity 6640K, committed 6784K, reserved 1056768K
  class space    used 559K, capacity 616K, committed 640K, reserved 1048576K

Card table byte_map: [0x0000000012180000,0x0000000012390000] byte_map_base: 0x0000000011b80000

Marking Bits: (ParMarkBitMap*) 0x000000006b459d00
 Begin Bits: [0x00000000128f0000, 0x00000000138f0000)
 End Bits:   [0x00000000138f0000, 0x00000000148f0000)

Polling page: 0x0000000000c80000

CodeCache: size=245760Kb used=2912Kb max_used=2912Kb free=242847Kb
 bounds [0x0000000002dc0000, 0x00000000030a0000, 0x0000000011dc0000]
 total_blobs=988 nmethods=724 adapters=178
 compilation: enabled

Compilation events (10 events):
Event: 1.166 Thread 0x00000000154ee800 nmethod 717 0x0000000003091610 code [0x00000000030917e0, 0x0000000003091ef8]
Event: 1.166 Thread 0x00000000154ee800  691       3       com.android.dx.ssa.SsaConverter::needsNewSuccessor (53 bytes)
Event: 1.167 Thread 0x00000000154ee800 nmethod 691 0x00000000030922d0 code [0x00000000030924e0, 0x0000000003092f98]
Event: 1.167 Thread 0x00000000154ee800  701       3       com.android.dx.ssa.Dominators::getPreds (17 bytes)
Event: 1.167 Thread 0x00000000154ee800 nmethod 701 0x0000000003093610 code [0x0000000003093780, 0x0000000003093a50]
Event: 1.167 Thread 0x00000000154ee800  687       3       com.android.dx.ssa.SsaBasicBlock::isExitBlock (20 bytes)
Event: 1.167 Thread 0x00000000154ee800 nmethod 687 0x0000000003093b10 code [0x0000000003093c80, 0x0000000003093ed0]
Event: 1.167 Thread 0x00000000154ee800  723       3       com.android.dx.ssa.SsaBasicBlock::addDomChild (10 bytes)
Event: 1.168 Thread 0x00000000154ee800 nmethod 723 0x0000000003093f90 code [0x0000000003094140, 0x00000000030946c8]
Event: 1.168 Thread 0x00000000154ee800  721       3       com.android.dx.ssa.Dominators$DfsWalker::visitBlock (59 bytes)

GC Heap History (0 events):
No events

Deoptimization events (2 events):
Event: 0.518 Thread 0x0000000002cc0800 Uncommon trap: reason=unstable_if action=reinterpret pc=0x0000000002ef5054 method=java.lang.String.indexOf(II)I @ 49
Event: 1.064 Thread 0x0000000002cc0800 Uncommon trap: reason=unstable_if action=reinterpret pc=0x0000000002f99d54 method=java.util.HashMap.getNode(ILjava/lang/Object;)Ljava/util/HashMap$Node; @ 129

Internal exceptions (2 events):
Event: 0.059 Thread 0x0000000002cc0800 Exception <a 'java/lang/NoSuchMethodError': Method sun.misc.Unsafe.defineClass(Ljava/lang/String;[BII)Ljava/lang/Class; name or signature does not match> (0x00000000eab07cc0) thrown at [C:\src\android\AOSP-openjdk\external\jetbrains\jdk\hotspot\src\share\vœçç≤&xÆ?
Event: 0.060 Thread 0x0000000002cc0800 Exception <a 'java/lang/NoSuchMethodError': Method sun.misc.Unsafe.prefetchRead(Ljava/lang/Object;J)V name or signature does not match> (0x00000000eab07fa8) thrown at [C:\src\android\AOSP-openjdk\external\jetbrains\jdk\hotspot\src\share\vm\prims\jni.cpp, l

Events (10 events):
Event: 0.964 loading class java/util/TreeMap$EntrySet done
Event: 0.964 loading class java/util/TreeMap$EntryIterator
Event: 0.964 loading class java/util/TreeMap$EntryIterator done
Event: 1.064 Thread 0x0000000002cc0800 Uncommon trap: trap_request=0xffffff65 fr.pc=0x0000000002f99d54
Event: 1.064 Thread 0x0000000002cc0800 DEOPT PACKING pc=0x0000000002f99d54 sp=0x0000000002cbe4d0
Event: 1.064 Thread 0x0000000002cc0800 DEOPT UNPACKING pc=0x0000000002e0556a sp=0x0000000002cbe448 mode 2
Event: 1.082 loading class com/android/dx/dex/file/FieldAnnotationStruct
Event: 1.082 loading class com/android/dx/dex/file/FieldAnnotationStruct done
Event: 1.160 loading class java/util/ArrayList$1
Event: 1.160 loading class java/util/ArrayList$1 done


Dynamic libraries:
0x00007ff74b540000 - 0x00007ff74b571000 	C:\android-studio\jre\bin\java.exe
0x00007ffef99f0000 - 0x00007ffef9bc1000 	C:\WINDOWS\SYSTEM32\ntdll.dll
0x00007ffef94c0000 - 0x00007ffef956b000 	C:\WINDOWS\System32\KERNEL32.DLL
0x00007ffef62b0000 - 0x00007ffef64cd000 	C:\WINDOWS\System32\KERNELBASE.dll
0x00007ffef9110000 - 0x00007ffef91b2000 	C:\WINDOWS\System32\ADVAPI32.dll
0x00007ffef88c0000 - 0x00007ffef895e000 	C:\WINDOWS\System32\msvcrt.dll
0x00007ffef9460000 - 0x00007ffef94b9000 	C:\WINDOWS\System32\sechost.dll
0x00007ffef8a60000 - 0x00007ffef8b81000 	C:\WINDOWS\System32\RPCRT4.dll
0x00007ffef8b90000 - 0x00007ffef8cf5000 	C:\WINDOWS\System32\USER32.dll
0x00007ffef66f0000 - 0x00007ffef670e000 	C:\WINDOWS\System32\win32u.dll
0x00007ffef6fe0000 - 0x00007ffef7014000 	C:\WINDOWS\System32\GDI32.dll
0x00007ffef6df0000 - 0x00007ffef6f72000 	C:\WINDOWS\System32\gdi32full.dll
0x00007ffef01d0000 - 0x00007ffef0449000 	C:\WINDOWS\WinSxS\amd64_microsoft.windows.common-controls_6595b64144ccf1df_6.0.14393.447_none_42191651c6827bb3\COMCTL32.dll
0x00007ffef8e40000 - 0x00007ffef9108000 	C:\WINDOWS\System32\combase.dll
0x00007ffef61b0000 - 0x00007ffef62a5000 	C:\WINDOWS\System32\ucrtbase.dll
0x00007ffef6090000 - 0x00007ffef60fa000 	C:\WINDOWS\System32\bcryptPrimitives.dll
0x00007ffef99c0000 - 0x00007ffef99ee000 	C:\WINDOWS\System32\IMM32.DLL
0x000000006abc0000 - 0x000000006ac92000 	C:\android-studio\jre\jre\bin\msvcr100.dll
0x000000006aca0000 - 0x000000006b4d4000 	C:\android-studio\jre\jre\bin\server\jvm.dll
0x00007ffef7030000 - 0x00007ffef7038000 	C:\WINDOWS\System32\PSAPI.DLL
0x00007ffedf2d0000 - 0x00007ffedf2d9000 	C:\WINDOWS\SYSTEM32\WSOCK32.dll
0x00007ffef8850000 - 0x00007ffef88ba000 	C:\WINDOWS\System32\WS2_32.dll
0x00007ffef3d70000 - 0x00007ffef3d93000 	C:\WINDOWS\SYSTEM32\WINMM.dll
0x00007ffef1a90000 - 0x00007ffef1a9a000 	C:\WINDOWS\SYSTEM32\VERSION.dll
0x00007ffef3d40000 - 0x00007ffef3d6b000 	C:\WINDOWS\SYSTEM32\WINMMBASE.dll
0x00007ffef66a0000 - 0x00007ffef66e2000 	C:\WINDOWS\System32\cfgmgr32.dll
0x00007ffef3b90000 - 0x00007ffef3b9f000 	C:\android-studio\jre\jre\bin\verify.dll
0x00007ffef22b0000 - 0x00007ffef22d9000 	C:\android-studio\jre\jre\bin\java.dll
0x00007ffeed620000 - 0x00007ffeed636000 	C:\android-studio\jre\jre\bin\zip.dll
0x00007ffef7340000 - 0x00007ffef8849000 	C:\WINDOWS\System32\SHELL32.dll
0x00007ffef6710000 - 0x00007ffef6dea000 	C:\WINDOWS\System32\windows.storage.dll
0x00007ffef5e70000 - 0x00007ffef5ebc000 	C:\WINDOWS\System32\powrprof.dll
0x00007ffef6f80000 - 0x00007ffef6fd2000 	C:\WINDOWS\System32\shlwapi.dll
0x00007ffef5e60000 - 0x00007ffef5e6f000 	C:\WINDOWS\System32\kernel.appcore.dll
0x00007ffef5fe0000 - 0x00007ffef6089000 	C:\WINDOWS\System32\shcore.dll
0x00007ffef5ec0000 - 0x00007ffef5ed4000 	C:\WINDOWS\System32\profapi.dll

VM Arguments:
jvm_args: -Djava.awt.headless=true -Xmx1024M -Dfile.encoding=GBK -Duser.country=CN -Duser.language=zh -Duser.variant 
java_command: com.android.dx.command.Main --dex --force-jumbo --num-threads=4 --output S:\ReviewSpace\Android11_07_CustomDialog\app\build\intermediates\pre-dexed\debug\internal_impl-25.0.1_13e63c55bff131cbbea592adc7ed6b49e0bd3448.jar S:\ReviewSpace\Android11_07_CustomDialog\app\build\intermediates\exploded-aar\com.android.support\support-core-utils\25.0.1\jars\libs\internal_impl-25.0.1.jar
java_class_path (initial): C:\adt-bundle-windows-x86_64-20140702\sdk\build-tools\25.0.1\lib\dx.jar
Launcher Type: SUN_STANDARD

Environment Variables:
JAVA_HOME=C:\Program Files\Java\jdk1.8.0_51
CLASSPATH=.;C:\Program Files\Java\jdk1.8.0_51\lib\dt.jar;C:\Program Files\Java\jdk1.8.0_51\lib\tools.jar;
PATH=C:\adt-bundle-windows-x86_64-20140702\sdk\platform-tools;C:\adt-bundle-windows-x86_64-20140702\sdk\tools;C:\Program Files\Java\jdk1.8.0_51\bin;C:\Program Files\Java\jdk1.8.0_51\jre\bin;C:\ProgramData\Oracle\Java\javapath;C:\WINDOWS\system32;C:\WINDOWS;C:\WINDOWS\System32\Wbem;C:\WINDOWS\System32\WindowsPowerShell\v1.0\;C:\Program Files (x86)\NVIDIA Corporation\PhysX\Common;C:\Program Files\MySQL\MySQL Server 5.7\bin;C:\Program Files (x86)\MySQL\MySQL Server 5.1\bin;C:\WINDOWS\system32;C:\WINDOWS;C:\WINDOWS\System32\Wbem;C:\adt-bundle-windows-x86_64-20140702\sdk\platform-tools\adb.exe;?C:\Program Files\Genymobile\Genymotion\tools\adb.exe;C:\WINDOWS\System32\WindowsPowerShell\v1.0\;C:\Program Files (x86)\GtkSharp\2.12\bin;C:\Program Files\Git\cmd;C:\Users\63170_000\AppData\Local\Microsoft\WindowsApps;
USERNAME=kingwag
OS=Windows_NT
PROCESSOR_IDENTIFIER=Intel64 Family 6 Model 58 Stepping 9, GenuineIntel



---------------  S Y S T E M  ---------------

OS: Windows 10.0 , 64 bit Build 14393 (10.0.14393.0)

CPU:total 4 (2 cores per cpu, 2 threads per core) family 6 model 58 stepping 9, cmov, cx8, fxsr, mmx, sse, sse2, sse3, ssse3, sse4.1, sse4.2, popcnt, avx, aes, clmul, erms, ht, tsc, tscinvbit, tscinv

Memory: 4k page, physical 8271408k(1434708k free), swap 8271408k(4264k free)

vm_info: OpenJDK 64-Bit Server VM (25.76-b03) for windows-amd64 JRE (1.8.0_76-release-b03), built on Jun 29 2016 19:09:20 by "ralucas" with MS VC++ 10.0 (VS2010)

time: Tue Dec 13 00:43:29 2016
elapsed time: 1 seconds (0d 0h 0m 1s)

