#
# There is insufficient memory for the Java Runtime Environment to continue.
# Native memory allocation (malloc) failed to allocate 32744 bytes for ChunkPool::allocate
# Possible reasons:
#   The system is out of physical RAM or swap space
#   In 32 bit mode, the process size limit was hit
# Possible solutions:
#   Reduce memory load on the system
#   Increase physical memory or swap space
#   Check if swap backing store is full
#   Use 64 bit Java on a 64 bit OS
#   Decrease Java heap size (-Xmx/-Xms)
#   Decrease number of Java threads
#   Decrease Java thread stack sizes (-Xss)
#   Set larger code cache with -XX:ReservedCodeCacheSize=
# This output file may be truncated or incomplete.
#
#  Out of Memory Error (allocation.cpp:273), pid=11100, tid=0x0000000000002f84
#
# JRE version: OpenJDK Runtime Environment (8.0_76-b03) (build 1.8.0_76-release-b03)
# Java VM: OpenJDK 64-Bit Server VM (25.76-b03 mixed mode windows-amd64 compressed oops)
# Failed to write core dump. Minidumps are not enabled by default on client versions of Windows
#

---------------  T H R E A D  ---------------

Current thread (0x00000000026a0800):  JavaThread "main" [_thread_in_vm, id=12164, stack(0x00000000024a0000,0x00000000025a0000)]

Stack: [0x00000000024a0000,0x00000000025a0000]
[error occurred during error reporting (printing stack bounds), id 0xc0000005]

Native frames: (J=compiled Java code, j=interpreted, Vv=VM code, C=native code)

Java frames: (J=compiled Java code, j=interpreted, Vv=VM code)
j  java.lang.ClassLoader.defineClass1(Ljava/lang/String;[BIILjava/security/ProtectionDomain;Ljava/lang/String;)Ljava/lang/Class;+0
j  java.lang.ClassLoader.defineClass(Ljava/lang/String;[BIILjava/security/ProtectionDomain;)Ljava/lang/Class;+27
j  java.security.SecureClassLoader.defineClass(Ljava/lang/String;[BIILjava/security/CodeSource;)Ljava/lang/Class;+12
j  java.net.URLClassLoader.defineClass(Ljava/lang/String;Lsun/misc/Resource;)Ljava/lang/Class;+138
J 199 C1 java.net.URLClassLoader$1.run()Ljava/lang/Class; (63 bytes) @ 0x000000000290a1ac [0x0000000002909ee0+0x2cc]
J 198 C1 java.net.URLClassLoader$1.run()Ljava/lang/Object; (5 bytes) @ 0x000000000290b40c [0x000000000290b380+0x8c]
v  ~StubRoutines::call_stub
J 197  java.security.AccessController.doPrivileged(Ljava/security/PrivilegedExceptionAction;Ljava/security/AccessControlContext;)Ljava/lang/Object; (0 bytes) @ 0x000000000290b7a6 [0x000000000290b740+0x66]
J 196 C1 java.net.URLClassLoader.findClass(Ljava/lang/String;)Ljava/lang/Class; (47 bytes) @ 0x000000000290bcc4 [0x000000000290bb40+0x184]
J 139 C1 java.lang.ClassLoader.loadClass(Ljava/lang/String;Z)Ljava/lang/Class; (122 bytes) @ 0x00000000028e97ac [0x00000000028e8e40+0x96c]
J 241 C1 sun.misc.Launcher$AppClassLoader.loadClass(Ljava/lang/String;Z)Ljava/lang/Class; (85 bytes) @ 0x000000000292fea4 [0x000000000292f500+0x9a4]
J 240 C1 java.lang.ClassLoader.loadClass(Ljava/lang/String;)Ljava/lang/Class; (7 bytes) @ 0x000000000292f10c [0x000000000292f000+0x10c]
v  ~StubRoutines::call_stub
j  com.android.dx.command.dexer.Main.mergeLibraryDexBuffers([B)[B+13
j  com.android.dx.command.dexer.Main.runMonoDex()I+132
j  com.android.dx.command.dexer.Main.run(Lcom/android/dx/command/dexer/Main$Arguments;)I+76
j  com.android.dx.command.dexer.Main.main([Ljava/lang/String;)V+14
j  com.android.dx.command.Main.main([Ljava/lang/String;)V+61
v  ~StubRoutines::call_stub

---------------  P R O C E S S  ---------------

Java Threads: ( => current thread )
  0x000000001658e000 JavaThread "Service Thread" daemon [_thread_blocked, id=12660, stack(0x0000000016b30000,0x0000000016c30000)]
  0x0000000016588000 JavaThread "C1 CompilerThread2" daemon [_thread_blocked, id=3560, stack(0x0000000016a30000,0x0000000016b30000)]
  0x0000000016585000 JavaThread "C2 CompilerThread1" daemon [_thread_in_native, id=9504, stack(0x0000000016930000,0x0000000016a30000)]
  0x0000000014ec8800 JavaThread "C2 CompilerThread0" daemon [_thread_blocked, id=13080, stack(0x0000000016430000,0x0000000016530000)]
  0x0000000014e7b800 JavaThread "Attach Listener" daemon [_thread_blocked, id=11696, stack(0x0000000016330000,0x0000000016430000)]
  0x0000000014e7a000 JavaThread "Signal Dispatcher" daemon [_thread_blocked, id=10652, stack(0x0000000016230000,0x0000000016330000)]
  0x0000000014e58000 JavaThread "Finalizer" daemon [_thread_blocked, id=11920, stack(0x00000000160d0000,0x00000000161d0000)]
  0x000000000278f000 JavaThread "Reference Handler" daemon [_thread_blocked, id=7412, stack(0x0000000015fd0000,0x00000000160d0000)]
=>0x00000000026a0800 JavaThread "main" [_thread_in_vm, id=12164, stack(0x00000000024a0000,0x00000000025a0000)]

Other Threads:
  0x0000000014e35800 VMThread [stack: 0x0000000015ed0000,0x0000000015fd0000] [id=9724]
  0x000000001658f000 WatcherThread [stack: 0x0000000016c30000,0x0000000016d30000] [id=6928]

VM state:not at safepoint (normal execution)

VM Mutex/Monitor currently owned by a thread: None

Heap:
 PSYoungGen      total 38400K, used 32264K [0x00000000eab00000, 0x00000000ed580000, 0x0000000100000000)
  eden space 33280K, 96% used [0x00000000eab00000,0x00000000eca82348,0x00000000ecb80000)
  from space 5120K, 0% used [0x00000000ed080000,0x00000000ed080000,0x00000000ed580000)
  to   space 5120K, 0% used [0x00000000ecb80000,0x00000000ecb80000,0x00000000ed080000)
 ParOldGen       total 87552K, used 0K [0x00000000c0000000, 0x00000000c5580000, 0x00000000eab00000)
  object space 87552K, 0% used [0x00000000c0000000,0x00000000c0000000,0x00000000c5580000)
 Metaspace       used 6469K, capacity 7222K, committed 7296K, reserved 1056768K
  class space    used 613K, capacity 622K, committed 640K, reserved 1048576K

Card table byte_map: [0x0000000011b60000,0x0000000011d70000] byte_map_base: 0x0000000011560000

Marking Bits: (ParMarkBitMap*) 0x000000006b459d00
 Begin Bits: [0x00000000122d0000, 0x00000000132d0000)
 End Bits:   [0x00000000132d0000, 0x00000000142d0000)

Polling page: 0x0000000000750000

CodeCache: size=245760Kb used=5998Kb max_used=5998Kb free=239761Kb
 bounds [0x00000000027a0000, 0x0000000002d80000, 0x00000000117a0000]
 total_blobs=1802 nmethods=1529 adapters=187
 compilation: enabled

Compilation events (10 events):
Event: 5.891 Thread 0x0000000016585000 nmethod 1528 0x0000000002d78dd0 code [0x0000000002d78f00, 0x0000000002d78fd8]
Event: 5.899 Thread 0x0000000016588000 1530       3       java.lang.Integer::reverseBytes (26 bytes)
Event: 5.900 Thread 0x0000000016588000 nmethod 1530 0x0000000002d78710 code [0x0000000002d78860, 0x0000000002d789b0]
Event: 5.902 Thread 0x0000000014ec8800 1531       4       java.lang.Integer::reverseBytes (26 bytes)
Event: 5.902 Thread 0x0000000014ec8800 nmethod 1531 0x0000000002d78510 code [0x0000000002d78640, 0x0000000002d786b8]
Event: 5.903 Thread 0x0000000016588000 1532       3       sun.security.provider.SHA::implCompress (491 bytes)
Event: 5.904 Thread 0x0000000016588000 nmethod 1532 0x0000000002d7e810 code [0x0000000002d7ea00, 0x0000000002d7f2e8]
Event: 5.904 Thread 0x0000000016588000 1533       3       sun.security.provider.ByteArrayAccess::b2iBig64 (614 bytes)
Event: 5.905 Thread 0x0000000016585000 1534 %     4       sun.security.provider.SHA::implCompress @ 12 (491 bytes)
Event: 5.906 Thread 0x0000000016588000 nmethod 1533 0x0000000002d7d1d0 code [0x0000000002d7d3e0, 0x0000000002d7e1a8]

GC Heap History (0 events):
No events

Deoptimization events (10 events):
Event: 4.670 Thread 0x00000000026a0800 Uncommon trap: reason=speculate_class_check action=maybe_recompile pc=0x0000000002b2885c method=com.android.dx.util.FixedSizeList.equals(Ljava/lang/Object;)Z @ 25
Event: 4.854 Thread 0x00000000026a0800 Uncommon trap: reason=unstable_if action=reinterpret pc=0x0000000002d1718c method=com.android.dx.dex.code.OutputFinisher.findOpcodeForInsn(Lcom/android/dx/dex/code/DalvInsn;Lcom/android/dx/dex/code/Dop;)Lcom/android/dx/dex/code/Dop; @ 1
Event: 5.057 Thread 0x00000000026a0800 Uncommon trap: reason=unstable_if action=reinterpret pc=0x0000000002d432c4 method=com.android.dx.util.ByteArrayAnnotatedOutput.writeByte(I)V @ 13
Event: 5.398 Thread 0x00000000026a0800 Uncommon trap: reason=unstable_if action=reinterpret pc=0x0000000002a8886c method=java.util.Arrays.copyOf([Ljava/lang/Object;ILjava/lang/Class;)[Ljava/lang/Object; @ 3
Event: 5.852 Thread 0x00000000026a0800 Uncommon trap: reason=speculate_class_check action=maybe_recompile pc=0x0000000002d77d10 method=java.util.HashMap.putVal(ILjava/lang/Object;Ljava/lang/Object;ZZ)Ljava/lang/Object; @ 56
Event: 5.852 Thread 0x00000000026a0800 Uncommon trap: reason=speculate_class_check action=maybe_recompile pc=0x0000000002d77d68 method=java.util.HashMap.putVal(ILjava/lang/Object;Ljava/lang/Object;ZZ)Ljava/lang/Object; @ 152
Event: 5.852 Thread 0x00000000026a0800 Uncommon trap: reason=speculate_class_check action=maybe_recompile pc=0x0000000002d77d10 method=java.util.HashMap.putVal(ILjava/lang/Object;Ljava/lang/Object;ZZ)Ljava/lang/Object; @ 56
Event: 5.853 Thread 0x00000000026a0800 Uncommon trap: reason=speculate_class_check action=maybe_recompile pc=0x0000000002d77d10 method=java.util.HashMap.putVal(ILjava/lang/Object;Ljava/lang/Object;ZZ)Ljava/lang/Object; @ 56
Event: 5.853 Thread 0x00000000026a0800 Uncommon trap: reason=class_check action=maybe_recompile pc=0x0000000002cbb564 method=java.util.HashMap.putVal(ILjava/lang/Object;Ljava/lang/Object;ZZ)Ljava/lang/Object; @ 56
Event: 5.853 Thread 0x00000000026a0800 Uncommon trap: reason=class_check action=maybe_recompile pc=0x0000000002cbb564 method=java.util.HashMap.putVal(ILjava/lang/Object;Ljava/lang/Object;ZZ)Ljava/lang/Object; @ 56

Internal exceptions (3 events):
Event: 0.184 Thread 0x00000000026a0800 Exception <a 'java/lang/NoSuchMethodError': Method sun.misc.Unsafe.defineClass(Ljava/lang/String;[BII)Ljava/lang/Class; name or signature does not match> (0x00000000eab07cc0) thrown at [C:\src\android\AOSP-openjdk\external\jetbrains\jdk\hotspot\src\share\vIŸE÷cî«?
Event: 0.184 Thread 0x00000000026a0800 Exception <a 'java/lang/NoSuchMethodError': Method sun.misc.Unsafe.prefetchRead(Ljava/lang/Object;J)V name or signature does not match> (0x00000000eab07fa8) thrown at [C:\src\android\AOSP-openjdk\external\jetbrains\jdk\hotspot\src\share\vm\prims\jni.cpp, l¥WP∫À‘@
Event: 3.104 Thread 0x000000001671c000 Implicit null exception at 0x0000000002b620e2 to 0x0000000002b621d2

Events (10 events):
Event: 5.893 loading class java/security/MessageDigest$Delegate
Event: 5.897 loading class java/security/MessageDigest$Delegate done
Event: 5.897 loading class sun/security/provider/ByteArrayAccess
Event: 5.898 loading class sun/security/provider/ByteArrayAccess done
Event: 5.907 loading class java/util/zip/Adler32
Event: 5.908 loading class java/util/zip/Checksum
Event: 5.908 loading class java/util/zip/Checksum done
Event: 5.908 loading class java/util/zip/Adler32 done
Event: 5.909 loading class com/android/dex/Dex
Event: 5.909 loading class com/android/dex/Dex done


Dynamic libraries:
0x00007ff74b540000 - 0x00007ff74b571000 	C:\android-studio\jre\bin\java.exe
0x00007ffef99f0000 - 0x00007ffef9bc1000 	C:\WINDOWS\SYSTEM32\ntdll.dll
0x00007ffef94c0000 - 0x00007ffef956b000 	C:\WINDOWS\System32\KERNEL32.DLL
0x00007ffef62b0000 - 0x00007ffef64cd000 	C:\WINDOWS\System32\KERNELBASE.dll
0x00007ffef9110000 - 0x00007ffef91b2000 	C:\WINDOWS\System32\ADVAPI32.dll
0x00007ffef88c0000 - 0x00007ffef895e000 	C:\WINDOWS\System32\msvcrt.dll
0x00007ffef9460000 - 0x00007ffef94b9000 	C:\WINDOWS\System32\sechost.dll
0x00007ffef8a60000 - 0x00007ffef8b81000 	C:\WINDOWS\System32\RPCRT4.dll
0x00007ffef8b90000 - 0x00007ffef8cf5000 	C:\WINDOWS\System32\USER32.dll
0x00007ffef66f0000 - 0x00007ffef670e000 	C:\WINDOWS\System32\win32u.dll
0x00007ffef6fe0000 - 0x00007ffef7014000 	C:\WINDOWS\System32\GDI32.dll
0x00007ffef6df0000 - 0x00007ffef6f72000 	C:\WINDOWS\System32\gdi32full.dll
0x00007ffef01d0000 - 0x00007ffef0449000 	C:\WINDOWS\WinSxS\amd64_microsoft.windows.common-controls_6595b64144ccf1df_6.0.14393.447_none_42191651c6827bb3\COMCTL32.dll
0x00007ffef8e40000 - 0x00007ffef9108000 	C:\WINDOWS\System32\combase.dll
0x00007ffef61b0000 - 0x00007ffef62a5000 	C:\WINDOWS\System32\ucrtbase.dll
0x00007ffef6090000 - 0x00007ffef60fa000 	C:\WINDOWS\System32\bcryptPrimitives.dll
0x00007ffef99c0000 - 0x00007ffef99ee000 	C:\WINDOWS\System32\IMM32.DLL
0x000000006abc0000 - 0x000000006ac92000 	C:\android-studio\jre\jre\bin\msvcr100.dll
0x000000006aca0000 - 0x000000006b4d4000 	C:\android-studio\jre\jre\bin\server\jvm.dll
0x00007ffef7030000 - 0x00007ffef7038000 	C:\WINDOWS\System32\PSAPI.DLL
0x00007ffedf2d0000 - 0x00007ffedf2d9000 	C:\WINDOWS\SYSTEM32\WSOCK32.dll
0x00007ffef8850000 - 0x00007ffef88ba000 	C:\WINDOWS\System32\WS2_32.dll
0x00007ffef3d70000 - 0x00007ffef3d93000 	C:\WINDOWS\SYSTEM32\WINMM.dll
0x00007ffef1a90000 - 0x00007ffef1a9a000 	C:\WINDOWS\SYSTEM32\VERSION.dll
0x00007ffef3d40000 - 0x00007ffef3d6b000 	C:\WINDOWS\SYSTEM32\WINMMBASE.dll
0x00007ffef66a0000 - 0x00007ffef66e2000 	C:\WINDOWS\System32\cfgmgr32.dll
0x00007ffef3b90000 - 0x00007ffef3b9f000 	C:\android-studio\jre\jre\bin\verify.dll
0x00007ffef22b0000 - 0x00007ffef22d9000 	C:\android-studio\jre\jre\bin\java.dll
0x00007ffeed620000 - 0x00007ffeed636000 	C:\android-studio\jre\jre\bin\zip.dll
0x00007ffef7340000 - 0x00007ffef8849000 	C:\WINDOWS\System32\SHELL32.dll
0x00007ffef6710000 - 0x00007ffef6dea000 	C:\WINDOWS\System32\windows.storage.dll
0x00007ffef5e70000 - 0x00007ffef5ebc000 	C:\WINDOWS\System32\powrprof.dll
0x00007ffef6f80000 - 0x00007ffef6fd2000 	C:\WINDOWS\System32\shlwapi.dll
0x00007ffef5e60000 - 0x00007ffef5e6f000 	C:\WINDOWS\System32\kernel.appcore.dll
0x00007ffef5fe0000 - 0x00007ffef6089000 	C:\WINDOWS\System32\shcore.dll
0x00007ffef5ec0000 - 0x00007ffef5ed4000 	C:\WINDOWS\System32\profapi.dll

VM Arguments:
jvm_args: -Djava.awt.headless=true -Xmx1024M -Dfile.encoding=GBK -Duser.country=CN -Duser.language=zh -Duser.variant 
java_command: com.android.dx.command.Main --dex --force-jumbo --num-threads=4 --output S:\ReviewSpace\Android11_07_CustomDialog\app\build\intermediates\pre-dexed\debug\internal_impl-25.0.1_a359cbd9fb105a472543e8d10ea9925ea8dcf895.jar S:\ReviewSpace\Android11_07_CustomDialog\app\build\intermediates\exploded-aar\com.android.support\support-media-compat\25.0.1\jars\libs\internal_impl-25.0.1.jar
java_class_path (initial): C:\adt-bundle-windows-x86_64-20140702\sdk\build-tools\25.0.1\lib\dx.jar
Launcher Type: SUN_STANDARD

Environment Variables:
JAVA_HOME=C:\Program Files\Java\jdk1.8.0_51
CLASSPATH=.;C:\Program Files\Java\jdk1.8.0_51\lib\dt.jar;C:\Program Files\Java\jdk1.8.0_51\lib\tools.jar;
PATH=C:\adt-bundle-windows-x86_64-20140702\sdk\platform-tools;C:\adt-bundle-windows-x86_64-20140702\sdk\tools;C:\Program Files\Java\jdk1.8.0_51\bin;C:\Program Files\Java\jdk1.8.0_51\jre\bin;C:\ProgramData\Oracle\Java\javapath;C:\WINDOWS\system32;C:\WINDOWS;C:\WINDOWS\System32\Wbem;C:\WINDOWS\System32\WindowsPowerShell\v1.0\;C:\Program Files (x86)\NVIDIA Corporation\PhysX\Common;C:\Program Files\MySQL\MySQL Server 5.7\bin;C:\Program Files (x86)\MySQL\MySQL Server 5.1\bin;C:\WINDOWS\system32;C:\WINDOWS;C:\WINDOWS\System32\Wbem;C:\adt-bundle-windows-x86_64-20140702\sdk\platform-tools\adb.exe;?C:\Program Files\Genymobile\Genymotion\tools\adb.exe;C:\WINDOWS\System32\WindowsPowerShell\v1.0\;C:\Program Files (x86)\GtkSharp\2.12\bin;C:\Program Files\Git\cmd;C:\Users\63170_000\AppData\Local\Microsoft\WindowsApps;
USERNAME=kingwag
OS=Windows_NT
PROCESSOR_IDENTIFIER=Intel64 Family 6 Model 58 Stepping 9, GenuineIntel



---------------  S Y S T E M  ---------------

OS: Windows 10.0 , 64 bit Build 14393 (10.0.14393.0)

CPU:total 4 (2 cores per cpu, 2 threads per core) family 6 model 58 stepping 9, cmov, cx8, fxsr, mmx, sse, sse2, sse3, ssse3, sse4.1, sse4.2, popcnt, avx, aes, clmul, erms, ht, tsc, tscinvbit, tscinv

Memory: 4k page, physical 8271408k(1278204k free), swap 8271408k(4136k free)

vm_info: OpenJDK 64-Bit Server VM (25.76-b03) for windows-amd64 JRE (1.8.0_76-release-b03), built on Jun 29 2016 19:09:20 by "ralucas" with MS VC++ 10.0 (VS2010)

time: Tue Dec 13 00:43:22 2016
elapsed time: 6 seconds (0d 0h 0m 6s)

