#
# There is insufficient memory for the Java Runtime Environment to continue.
# Native memory allocation (malloc) failed to allocate 956048 bytes for Chunk::new
# Possible reasons:
#   The system is out of physical RAM or swap space
#   In 32 bit mode, the process size limit was hit
# Possible solutions:
#   Reduce memory load on the system
#   Increase physical memory or swap space
#   Check if swap backing store is full
#   Use 64 bit Java on a 64 bit OS
#   Decrease Java heap size (-Xmx/-Xms)
#   Decrease number of Java threads
#   Decrease Java thread stack sizes (-Xss)
#   Set larger code cache with -XX:ReservedCodeCacheSize=
# This output file may be truncated or incomplete.
#
#  Out of Memory Error (allocation.cpp:390), pid=12216, tid=0x0000000000000b08
#
# JRE version: OpenJDK Runtime Environment (8.0_76-b03) (build 1.8.0_76-release-b03)
# Java VM: OpenJDK 64-Bit Server VM (25.76-b03 mixed mode windows-amd64 compressed oops)
# Failed to write core dump. Minidumps are not enabled by default on client versions of Windows
#

---------------  T H R E A D  ---------------

Current thread (0x000000001546c000):  JavaThread "C2 CompilerThread1" daemon [_thread_in_native, id=2824, stack(0x0000000016e70000,0x0000000016f70000)]

Stack: [0x0000000016e70000,0x0000000016f70000]
[error occurred during error reporting (printing stack bounds), id 0xc0000005]

Native frames: (J=compiled Java code, j=interpreted, Vv=VM code, C=native code)


Current CompileTask:
C2:  27035 8921       4       com.sun.org.apache.xerces.internal.impl.XMLNSDocumentScannerImpl::scanStartElement (1020 bytes)


---------------  P R O C E S S  ---------------

Java Threads: ( => current thread )
  0x000000001b3ee000 JavaThread "stdout" daemon [_thread_new, id=7116, stack(0x0000000000000000,0x0000000000000000)]
  0x000000001b3f4000 JavaThread "stderr" daemon [_thread_new, id=7004, stack(0x0000000000000000,0x0000000000000000)]
  0x000000001b3f2800 JavaThread "png-cruncher_35" daemon [_thread_blocked, id=3492, stack(0x0000000026150000,0x0000000026250000)]
  0x000000001b3f1000 JavaThread "png-cruncher_34" daemon [_thread_blocked, id=2008, stack(0x0000000026050000,0x0000000026150000)]
  0x000000001b3f2000 JavaThread "png-cruncher_33" daemon [_thread_blocked, id=11144, stack(0x0000000025f50000,0x0000000026050000)]
  0x0000000018551000 JavaThread "png-cruncher_32" daemon [_thread_blocked, id=1392, stack(0x0000000025e50000,0x0000000025f50000)]
  0x000000001854e800 JavaThread "png-cruncher_31" daemon [_thread_blocked, id=5956, stack(0x0000000025d50000,0x0000000025e50000)]
  0x000000001854f800 JavaThread "png-cruncher_30" daemon [_thread_blocked, id=13128, stack(0x0000000025c50000,0x0000000025d50000)]
  0x000000001854b800 JavaThread "png-cruncher_29" daemon [_thread_blocked, id=6284, stack(0x0000000025b50000,0x0000000025c50000)]
  0x000000001854e000 JavaThread "png-cruncher_28" daemon [_thread_blocked, id=5024, stack(0x0000000025a50000,0x0000000025b50000)]
  0x000000001854d000 JavaThread "png-cruncher_27" daemon [_thread_blocked, id=8780, stack(0x0000000025950000,0x0000000025a50000)]
  0x0000000018550800 JavaThread "png-cruncher_26" daemon [_thread_blocked, id=1248, stack(0x0000000025850000,0x0000000025950000)]
  0x000000001854c800 JavaThread "pool-5-thread-1" [_thread_blocked, id=6028, stack(0x0000000025750000,0x0000000025850000)]
  0x0000000018544000 JavaThread "png-cruncher_25" daemon [_thread_blocked, id=10988, stack(0x0000000025650000,0x0000000025750000)]
  0x000000001854b000 JavaThread "png-cruncher_24" daemon [_thread_blocked, id=11512, stack(0x0000000025550000,0x0000000025650000)]
  0x0000000018545000 JavaThread "png-cruncher_23" daemon [_thread_blocked, id=11120, stack(0x0000000025450000,0x0000000025550000)]
  0x000000001854a000 JavaThread "png-cruncher_22" daemon [_thread_in_native, id=7536, stack(0x0000000025350000,0x0000000025450000)]
  0x0000000018547000 JavaThread "png-cruncher_21" daemon [_thread_blocked, id=3664, stack(0x0000000025250000,0x0000000025350000)]
  0x0000000018545800 JavaThread "pool-6-thread-4" [_thread_blocked, id=744, stack(0x0000000025150000,0x0000000025250000)]
  0x0000000018542000 JavaThread "pool-6-thread-3" [_thread_blocked, id=6600, stack(0x0000000025050000,0x0000000025150000)]
  0x0000000018548800 JavaThread "pool-6-thread-2" [_thread_blocked, id=13108, stack(0x0000000024f50000,0x0000000025050000)]
  0x0000000018543800 JavaThread "pool-6-thread-1" [_thread_blocked, id=2856, stack(0x0000000024e50000,0x0000000024f50000)]
  0x0000000018542800 JavaThread "Stdin handler" [_thread_blocked, id=11860, stack(0x0000000024d50000,0x0000000024e50000)]
  0x0000000018548000 JavaThread "Asynchronous log dispatcher for org.gradle.launcher.daemon.server.DefaultDaemonConnection@1eb54005" [_thread_blocked, id=6880, stack(0x0000000024c50000,0x0000000024d50000)]
  0x0000000018549800 JavaThread "Cancel handler" [_thread_blocked, id=6008, stack(0x0000000024b50000,0x0000000024c50000)]
  0x0000000018546800 JavaThread "Handler for socket connection from /127.0.0.1:56246 to /127.0.0.1:56352" [_thread_in_native, id=12028, stack(0x0000000024a50000,0x0000000024b50000)]
  0x000000001b3f3800 JavaThread "pool-2-thread-1" [_thread_blocked, id=12512, stack(0x000000001d450000,0x000000001d550000)]
  0x00000000189c6000 JavaThread "File lock request listener" [_thread_in_native, id=12236, stack(0x000000001cc80000,0x000000001cd80000)]
  0x000000001801d000 JavaThread "Daemon worker" [_thread_in_native, id=12228, stack(0x0000000019210000,0x0000000019310000)]
  0x0000000018034800 JavaThread "Daemon" [_thread_blocked, id=2120, stack(0x0000000018f10000,0x0000000019010000)]
  0x0000000017f56000 JavaThread "pool-1-thread-1" [_thread_blocked, id=4600, stack(0x0000000018e10000,0x0000000018f10000)]
  0x0000000017fb9800 JavaThread "Incoming local TCP Connector on port 56246" [_thread_in_native, id=12416, stack(0x0000000018b10000,0x0000000018c10000)]
  0x0000000016ae7800 JavaThread "Service Thread" daemon [_thread_blocked, id=4380, stack(0x0000000017070000,0x0000000017170000)]
  0x0000000016a72800 JavaThread "C1 CompilerThread2" daemon [_thread_blocked, id=9528, stack(0x0000000016f70000,0x0000000017070000)]
=>0x000000001546c000 JavaThread "C2 CompilerThread1" daemon [_thread_in_native, id=2824, stack(0x0000000016e70000,0x0000000016f70000)]
  0x0000000015469800 JavaThread "C2 CompilerThread0" daemon [_thread_in_native, id=8184, stack(0x0000000016970000,0x0000000016a70000)]
  0x0000000015467800 JavaThread "Attach Listener" daemon [_thread_blocked, id=4644, stack(0x0000000016870000,0x0000000016970000)]
  0x000000001541b000 JavaThread "Signal Dispatcher" daemon [_thread_blocked, id=6328, stack(0x0000000016770000,0x0000000016870000)]
  0x0000000002d3c000 JavaThread "Finalizer" daemon [_thread_blocked, id=2848, stack(0x0000000016660000,0x0000000016760000)]
  0x0000000002d31000 JavaThread "Reference Handler" daemon [_thread_blocked, id=6236, stack(0x0000000016560000,0x0000000016660000)]
  0x00000000010ce000 JavaThread "main" [_thread_blocked, id=11224, stack(0x0000000002b40000,0x0000000002c40000)]

Other Threads:
  0x00000000153d5000 VMThread [stack: 0x0000000016460000,0x0000000016560000] [id=7908]
  0x0000000016af0800 WatcherThread [stack: 0x0000000017170000,0x0000000017270000] [id=9920]

VM state:not at safepoint (normal execution)

VM Mutex/Monitor currently owned by a thread: None

Heap:
 PSYoungGen      total 208896K, used 175026K [0x00000000eab00000, 0x00000000f9100000, 0x0000000100000000)
  eden space 188416K, 92% used [0x00000000eab00000,0x00000000f55ec9c0,0x00000000f6300000)
  from space 20480K, 0% used [0x00000000f7900000,0x00000000f7900000,0x00000000f8d00000)
  to   space 22528K, 0% used [0x00000000f6300000,0x00000000f6300000,0x00000000f7900000)
 ParOldGen       total 99328K, used 37970K [0x00000000c0000000, 0x00000000c6100000, 0x00000000eab00000)
  object space 99328K, 38% used [0x00000000c0000000,0x00000000c2514bb0,0x00000000c6100000)
 Metaspace       used 53404K, capacity 54940K, committed 55168K, reserved 1097728K
  class space    used 6923K, capacity 7276K, committed 7296K, reserved 1048576K

Card table byte_map: [0x0000000012100000,0x0000000012310000] byte_map_base: 0x0000000011b00000

Marking Bits: (ParMarkBitMap*) 0x000000006b459d00
 Begin Bits: [0x0000000012870000, 0x0000000013870000)
 End Bits:   [0x0000000013870000, 0x0000000014870000)

Polling page: 0x0000000001000000

CodeCache: size=245760Kb used=25908Kb max_used=25921Kb free=219851Kb
 bounds [0x0000000002d40000, 0x00000000046b0000, 0x0000000011d40000]
 total_blobs=8470 nmethods=7758 adapters=624
 compilation: enabled

Compilation events (10 events):
Event: 26.964 Thread 0x0000000016a72800 9041 % !   3       com.android.ide.common.res2.DataMerger::mergeData @ 84 (576 bytes)
Event: 26.969 Thread 0x0000000016a72800 nmethod 9041% 0x000000000469b590 code [0x000000000469bae0, 0x000000000469f6c8]
Event: 26.970 Thread 0x0000000016a72800 9042 % !   3       com.android.ide.common.res2.DataMerger::mergeData @ 227 (576 bytes)
Event: 26.975 Thread 0x0000000016a72800 nmethod 9042% 0x00000000046a1a50 code [0x00000000046a1fa0, 0x00000000046a5d48]
Event: 26.975 Thread 0x0000000016a72800 9043   !   3       com.android.ide.common.res2.DataMerger::mergeData (576 bytes)
Event: 26.980 Thread 0x0000000016a72800 nmethod 9043 0x00000000046a8150 code [0x00000000046a86c0, 0x00000000046abfb8]
Event: 26.987 Thread 0x0000000016a72800 9044       3       com.google.gson.stream.JsonReader::peek (144 bytes)
Event: 26.987 Thread 0x0000000016a72800 nmethod 9044 0x0000000002eed110 code [0x0000000002eed2c0, 0x0000000002eed698]
Event: 26.988 Thread 0x0000000016a72800 9045       3       com.google.gson.stream.JsonReader::doPeek (768 bytes)
Event: 26.991 Thread 0x0000000016a72800 nmethod 9045 0x00000000034ac4d0 code [0x00000000034ac920, 0x00000000034ae428]

GC Heap History (10 events):
Event: 12.222 GC heap before
{Heap before GC invocations=11 (full 2):
 PSYoungGen      total 136192K, used 124416K [0x00000000eab00000, 0x00000000f4400000, 0x0000000100000000)
  eden space 124416K, 100% used [0x00000000eab00000,0x00000000f2480000,0x00000000f2480000)
  from space 11776K, 0% used [0x00000000f3000000,0x00000000f3000000,0x00000000f3b80000)
  to   space 11776K, 0% used [0x00000000f2480000,0x00000000f2480000,0x00000000f3000000)
 ParOldGen       total 99328K, used 15351K [0x00000000c0000000, 0x00000000c6100000, 0x00000000eab00000)
  object space 99328K, 15% used [0x00000000c0000000,0x00000000c0efdc40,0x00000000c6100000)
 Metaspace       used 41713K, capacity 42530K, committed 42880K, reserved 1087488K
  class space    used 5526K, capacity 5705K, committed 5760K, reserved 1048576K
Event: 12.233 GC heap after
Heap after GC invocations=11 (full 2):
 PSYoungGen      total 136192K, used 10491K [0x00000000eab00000, 0x00000000f5b80000, 0x0000000100000000)
  eden space 124416K, 0% used [0x00000000eab00000,0x00000000eab00000,0x00000000f2480000)
  from space 11776K, 89% used [0x00000000f2480000,0x00000000f2ebef90,0x00000000f3000000)
  to   space 12288K, 0% used [0x00000000f4f80000,0x00000000f4f80000,0x00000000f5b80000)
 ParOldGen       total 99328K, used 15359K [0x00000000c0000000, 0x00000000c6100000, 0x00000000eab00000)
  object space 99328K, 15% used [0x00000000c0000000,0x00000000c0effc40,0x00000000c6100000)
 Metaspace       used 41713K, capacity 42530K, committed 42880K, reserved 1087488K
  class space    used 5526K, capacity 5705K, committed 5760K, reserved 1048576K
}
Event: 13.670 GC heap before
{Heap before GC invocations=12 (full 2):
 PSYoungGen      total 136192K, used 134907K [0x00000000eab00000, 0x00000000f5b80000, 0x0000000100000000)
  eden space 124416K, 100% used [0x00000000eab00000,0x00000000f2480000,0x00000000f2480000)
  from space 11776K, 89% used [0x00000000f2480000,0x00000000f2ebef90,0x00000000f3000000)
  to   space 12288K, 0% used [0x00000000f4f80000,0x00000000f4f80000,0x00000000f5b80000)
 ParOldGen       total 99328K, used 15359K [0x00000000c0000000, 0x00000000c6100000, 0x00000000eab00000)
  object space 99328K, 15% used [0x00000000c0000000,0x00000000c0effc40,0x00000000c6100000)
 Metaspace       used 45095K, capacity 46192K, committed 46208K, reserved 1089536K
  class space    used 6015K, capacity 6264K, committed 6272K, reserved 1048576K
Event: 13.699 GC heap after
Heap after GC invocations=12 (full 2):
 PSYoungGen      total 165888K, used 12275K [0x00000000eab00000, 0x00000000f6200000, 0x0000000100000000)
  eden space 153600K, 0% used [0x00000000eab00000,0x00000000eab00000,0x00000000f4100000)
  from space 12288K, 99% used [0x00000000f4f80000,0x00000000f5b7cd00,0x00000000f5b80000)
  to   space 14848K, 0% used [0x00000000f4100000,0x00000000f4100000,0x00000000f4f80000)
 ParOldGen       total 99328K, used 18289K [0x00000000c0000000, 0x00000000c6100000, 0x00000000eab00000)
  object space 99328K, 18% used [0x00000000c0000000,0x00000000c11dc448,0x00000000c6100000)
 Metaspace       used 45095K, capacity 46192K, committed 46208K, reserved 1089536K
  class space    used 6015K, capacity 6264K, committed 6272K, reserved 1048576K
}
Event: 20.459 GC heap before
{Heap before GC invocations=13 (full 2):
 PSYoungGen      total 165888K, used 165875K [0x00000000eab00000, 0x00000000f6200000, 0x0000000100000000)
  eden space 153600K, 100% used [0x00000000eab00000,0x00000000f4100000,0x00000000f4100000)
  from space 12288K, 99% used [0x00000000f4f80000,0x00000000f5b7cd00,0x00000000f5b80000)
  to   space 14848K, 0% used [0x00000000f4100000,0x00000000f4100000,0x00000000f4f80000)
 ParOldGen       total 99328K, used 18289K [0x00000000c0000000, 0x00000000c6100000, 0x00000000eab00000)
  object space 99328K, 18% used [0x00000000c0000000,0x00000000c11dc448,0x00000000c6100000)
 Metaspace       used 50471K, capacity 51848K, committed 52096K, reserved 1093632K
  class space    used 6653K, capacity 6982K, committed 7040K, reserved 1048576K
Event: 20.500 GC heap after
Heap after GC invocations=13 (full 2):
 PSYoungGen      total 168448K, used 14834K [0x00000000eab00000, 0x00000000f8d00000, 0x0000000100000000)
  eden space 153600K, 0% used [0x00000000eab00000,0x00000000eab00000,0x00000000f4100000)
  from space 14848K, 99% used [0x00000000f4100000,0x00000000f4f7c838,0x00000000f4f80000)
  to   space 20480K, 0% used [0x00000000f7900000,0x00000000f7900000,0x00000000f8d00000)
 ParOldGen       total 99328K, used 28766K [0x00000000c0000000, 0x00000000c6100000, 0x00000000eab00000)
  object space 99328K, 28% used [0x00000000c0000000,0x00000000c1c17968,0x00000000c6100000)
 Metaspace       used 50471K, capacity 51848K, committed 52096K, reserved 1093632K
  class space    used 6653K, capacity 6982K, committed 7040K, reserved 1048576K
}
Event: 23.000 GC heap before
{Heap before GC invocations=14 (full 2):
 PSYoungGen      total 168448K, used 101618K [0x00000000eab00000, 0x00000000f8d00000, 0x0000000100000000)
  eden space 153600K, 56% used [0x00000000eab00000,0x00000000effc02b0,0x00000000f4100000)
  from space 14848K, 99% used [0x00000000f4100000,0x00000000f4f7c838,0x00000000f4f80000)
  to   space 20480K, 0% used [0x00000000f7900000,0x00000000f7900000,0x00000000f8d00000)
 ParOldGen       total 99328K, used 28766K [0x00000000c0000000, 0x00000000c6100000, 0x00000000eab00000)
  object space 99328K, 28% used [0x00000000c0000000,0x00000000c1c17968,0x00000000c6100000)
 Metaspace       used 52450K, capacity 53896K, committed 54016K, reserved 1095680K
  class space    used 6852K, capacity 7160K, committed 7168K, reserved 1048576K
Event: 23.022 GC heap after
Heap after GC invocations=14 (full 2):
 PSYoungGen      total 208896K, used 18892K [0x00000000eab00000, 0x00000000f9100000, 0x0000000100000000)
  eden space 188416K, 0% used [0x00000000eab00000,0x00000000eab00000,0x00000000f6300000)
  from space 20480K, 92% used [0x00000000f7900000,0x00000000f8b73360,0x00000000f8d00000)
  to   space 22528K, 0% used [0x00000000f6300000,0x00000000f6300000,0x00000000f7900000)
 ParOldGen       total 99328K, used 28774K [0x00000000c0000000, 0x00000000c6100000, 0x00000000eab00000)
  object space 99328K, 28% used [0x00000000c0000000,0x00000000c1c19968,0x00000000c6100000)
 Metaspace       used 52450K, capacity 53896K, committed 54016K, reserved 1095680K
  class space    used 6852K, capacity 7160K, committed 7168K, reserved 1048576K
}
Event: 23.022 GC heap before
{Heap before GC invocations=15 (full 3):
 PSYoungGen      total 208896K, used 18892K [0x00000000eab00000, 0x00000000f9100000, 0x0000000100000000)
  eden space 188416K, 0% used [0x00000000eab00000,0x00000000eab00000,0x00000000f6300000)
  from space 20480K, 92% used [0x00000000f7900000,0x00000000f8b73360,0x00000000f8d00000)
  to   space 22528K, 0% used [0x00000000f6300000,0x00000000f6300000,0x00000000f7900000)
 ParOldGen       total 99328K, used 28774K [0x00000000c0000000, 0x00000000c6100000, 0x00000000eab00000)
  object space 99328K, 28% used [0x00000000c0000000,0x00000000c1c19968,0x00000000c6100000)
 Metaspace       used 52450K, capacity 53896K, committed 54016K, reserved 1095680K
  class space    used 6852K, capacity 7160K, committed 7168K, reserved 1048576K
Event: 23.386 GC heap after
Heap after GC invocations=15 (full 3):
 PSYoungGen      total 208896K, used 0K [0x00000000eab00000, 0x00000000f9100000, 0x0000000100000000)
  eden space 188416K, 0% used [0x00000000eab00000,0x00000000eab00000,0x00000000f6300000)
  from space 20480K, 0% used [0x00000000f7900000,0x00000000f7900000,0x00000000f8d00000)
  to   space 22528K, 0% used [0x00000000f6300000,0x00000000f6300000,0x00000000f7900000)
 ParOldGen       total 99328K, used 37970K [0x00000000c0000000, 0x00000000c6100000, 0x00000000eab00000)
  object space 99328K, 38% used [0x00000000c0000000,0x00000000c2514bb0,0x00000000c6100000)
 Metaspace       used 52442K, capacity 53874K, committed 54016K, reserved 1095680K
  class space    used 6849K, capacity 7155K, committed 7168K, reserved 1048576K
}

Deoptimization events (10 events):
Event: 25.414 Thread 0x000000001801d000 Uncommon trap: reason=unstable_if action=reinterpret pc=0x0000000004186bf4 method=com.google.common.collect.MapMakerInternalMap$Segment.getEntry(Ljava/lang/Object;I)Lcom/google/common/collect/MapMakerInternalMap$ReferenceEntry; @ 40
Event: 25.496 Thread 0x000000001801d000 Uncommon trap: reason=unstable_if action=reinterpret pc=0x000000000413bfac method=com.google.common.collect.MapMakerInternalMap$Segment.getEntry(Ljava/lang/Object;I)Lcom/google/common/collect/MapMakerInternalMap$ReferenceEntry; @ 40
Event: 25.556 Thread 0x000000001801d000 Uncommon trap: reason=class_check action=maybe_recompile pc=0x0000000003616ea0 method=com.sun.org.apache.xerces.internal.dom.NamedNodeMapImpl.item(I)Lorg/w3c/dom/Node; @ 30
Event: 25.556 Thread 0x000000001801d000 Uncommon trap: reason=class_check action=maybe_recompile pc=0x0000000003616ea0 method=com.sun.org.apache.xerces.internal.dom.NamedNodeMapImpl.item(I)Lorg/w3c/dom/Node; @ 30
Event: 25.556 Thread 0x000000001801d000 Uncommon trap: reason=class_check action=maybe_recompile pc=0x0000000003616ea0 method=com.sun.org.apache.xerces.internal.dom.NamedNodeMapImpl.item(I)Lorg/w3c/dom/Node; @ 30
Event: 25.556 Thread 0x000000001801d000 Uncommon trap: reason=class_check action=maybe_recompile pc=0x0000000003616ea0 method=com.sun.org.apache.xerces.internal.dom.NamedNodeMapImpl.item(I)Lorg/w3c/dom/Node; @ 30
Event: 25.557 Thread 0x000000001801d000 Uncommon trap: reason=unstable_if action=reinterpret pc=0x00000000042cd228 method=com.sun.org.apache.xerces.internal.dom.CharacterDataImpl.getNodeValue()Ljava/lang/String; @ 4
Event: 26.937 Thread 0x000000001801d000 Uncommon trap: reason=null_check action=make_not_entrant pc=0x00000000035bba08 method=com.sun.org.apache.xerces.internal.dom.ElementImpl.getDefaultAttributes()Lcom/sun/org/apache/xerces/internal/dom/NamedNodeMapImpl; @ 7
Event: 26.937 Thread 0x000000001801d000 Uncommon trap: reason=class_check action=maybe_recompile pc=0x00000000045f5594 method=com.sun.org.apache.xerces.internal.dom.NamedNodeMapImpl.item(I)Lorg/w3c/dom/Node; @ 33
Event: 26.937 Thread 0x000000001801d000 Uncommon trap: reason=class_check action=maybe_recompile pc=0x00000000045f5594 method=com.sun.org.apache.xerces.internal.dom.NamedNodeMapImpl.item(I)Lorg/w3c/dom/Node; @ 33

Internal exceptions (10 events):
Event: 24.923 Thread 0x000000001801d000 Exception <a 'sun/nio/fs/WindowsException'> (0x00000000efdcb100) thrown at [C:\src\android\AOSP-openjdk\external\jetbrains\jdk\hotspot\src\share\vm\prims\jni.cpp, line 709]
Event: 24.923 Thread 0x000000001801d000 Exception <a 'sun/nio/fs/WindowsException'> (0x00000000efdcbcd8) thrown at [C:\src\android\AOSP-openjdk\external\jetbrains\jdk\hotspot\src\share\vm\prims\jni.cpp, line 709]
Event: 24.924 Thread 0x000000001801d000 Exception <a 'sun/nio/fs/WindowsException'> (0x00000000efdcd8f0) thrown at [C:\src\android\AOSP-openjdk\external\jetbrains\jdk\hotspot\src\share\vm\prims\jni.cpp, line 709]
Event: 24.924 Thread 0x000000001801d000 Exception <a 'sun/nio/fs/WindowsException'> (0x00000000efdce500) thrown at [C:\src\android\AOSP-openjdk\external\jetbrains\jdk\hotspot\src\share\vm\prims\jni.cpp, line 709]
Event: 24.926 Thread 0x000000001801d000 Exception <a 'sun/nio/fs/WindowsException'> (0x00000000efdd14e8) thrown at [C:\src\android\AOSP-openjdk\external\jetbrains\jdk\hotspot\src\share\vm\prims\jni.cpp, line 709]
Event: 24.926 Thread 0x000000001801d000 Exception <a 'sun/nio/fs/WindowsException'> (0x00000000efdd20e8) thrown at [C:\src\android\AOSP-openjdk\external\jetbrains\jdk\hotspot\src\share\vm\prims\jni.cpp, line 709]
Event: 24.926 Thread 0x000000001801d000 Exception <a 'sun/nio/fs/WindowsException'> (0x00000000efdd3d28) thrown at [C:\src\android\AOSP-openjdk\external\jetbrains\jdk\hotspot\src\share\vm\prims\jni.cpp, line 709]
Event: 24.926 Thread 0x000000001801d000 Exception <a 'sun/nio/fs/WindowsException'> (0x00000000efdd4960) thrown at [C:\src\android\AOSP-openjdk\external\jetbrains\jdk\hotspot\src\share\vm\prims\jni.cpp, line 709]
Event: 25.414 Thread 0x000000001801d000 Implicit null exception at 0x00000000041865fc to 0x0000000004186bd9
Event: 26.937 Thread 0x000000001801d000 Implicit null exception at 0x00000000035bb8ec to 0x00000000035bb9f1

Events (10 events):
Event: 26.958 Thread 0x0000000016a72800 flushing nmethod 0x0000000002ed7550
Event: 26.958 Thread 0x0000000016a72800 flushing nmethod 0x0000000002eed110
Event: 26.969 Thread 0x0000000016a72800 flushing nmethod 0x0000000002fcc410
Event: 26.970 Thread 0x0000000016a72800 flushing nmethod 0x00000000030a75d0
Event: 26.980 Thread 0x0000000016a72800 flushing nmethod 0x00000000034056d0
Event: 26.987 Thread 0x0000000016a72800 flushing nmethod 0x00000000034a8fd0
Event: 26.992 Executing VM operation: RevokeBias
Event: 26.992 Executing VM operation: RevokeBias done
Event: 27.019 Thread 0x000000001b3f4000 Thread added: 0x000000001b3f4000
Event: 27.019 Thread 0x000000001b3ee000 Thread added: 0x000000001b3ee000


Dynamic libraries:
0x00007ff74b540000 - 0x00007ff74b571000 	C:\android-studio\jre\bin\java.exe
0x00007ffef99f0000 - 0x00007ffef9bc1000 	C:\WINDOWS\SYSTEM32\ntdll.dll
0x00007ffef94c0000 - 0x00007ffef956b000 	C:\WINDOWS\System32\KERNEL32.DLL
0x00007ffef62b0000 - 0x00007ffef64cd000 	C:\WINDOWS\System32\KERNELBASE.dll
0x00007ffef9110000 - 0x00007ffef91b2000 	C:\WINDOWS\System32\ADVAPI32.dll
0x00007ffef88c0000 - 0x00007ffef895e000 	C:\WINDOWS\System32\msvcrt.dll
0x00007ffef9460000 - 0x00007ffef94b9000 	C:\WINDOWS\System32\sechost.dll
0x00007ffef8a60000 - 0x00007ffef8b81000 	C:\WINDOWS\System32\RPCRT4.dll
0x00007ffef8b90000 - 0x00007ffef8cf5000 	C:\WINDOWS\System32\USER32.dll
0x00007ffef66f0000 - 0x00007ffef670e000 	C:\WINDOWS\System32\win32u.dll
0x00007ffef6fe0000 - 0x00007ffef7014000 	C:\WINDOWS\System32\GDI32.dll
0x00007ffef6df0000 - 0x00007ffef6f72000 	C:\WINDOWS\System32\gdi32full.dll
0x00007ffef01d0000 - 0x00007ffef0449000 	C:\WINDOWS\WinSxS\amd64_microsoft.windows.common-controls_6595b64144ccf1df_6.0.14393.447_none_42191651c6827bb3\COMCTL32.dll
0x00007ffef8e40000 - 0x00007ffef9108000 	C:\WINDOWS\System32\combase.dll
0x00007ffef61b0000 - 0x00007ffef62a5000 	C:\WINDOWS\System32\ucrtbase.dll
0x00007ffef6090000 - 0x00007ffef60fa000 	C:\WINDOWS\System32\bcryptPrimitives.dll
0x00007ffef99c0000 - 0x00007ffef99ee000 	C:\WINDOWS\System32\IMM32.DLL
0x000000006abc0000 - 0x000000006ac92000 	C:\android-studio\jre\jre\bin\msvcr100.dll
0x000000006aca0000 - 0x000000006b4d4000 	C:\android-studio\jre\jre\bin\server\jvm.dll
0x00007ffef7030000 - 0x00007ffef7038000 	C:\WINDOWS\System32\PSAPI.DLL
0x00007ffef3d70000 - 0x00007ffef3d93000 	C:\WINDOWS\SYSTEM32\WINMM.dll
0x00007ffef1a90000 - 0x00007ffef1a9a000 	C:\WINDOWS\SYSTEM32\VERSION.dll
0x00007ffedf2d0000 - 0x00007ffedf2d9000 	C:\WINDOWS\SYSTEM32\WSOCK32.dll
0x00007ffef8850000 - 0x00007ffef88ba000 	C:\WINDOWS\System32\WS2_32.dll
0x0000000000fd0000 - 0x0000000000ffb000 	C:\WINDOWS\SYSTEM32\WINMMBASE.dll
0x00007ffef66a0000 - 0x00007ffef66e2000 	C:\WINDOWS\System32\cfgmgr32.dll
0x00007ffef3b90000 - 0x00007ffef3b9f000 	C:\android-studio\jre\jre\bin\verify.dll
0x00007ffef22b0000 - 0x00007ffef22d9000 	C:\android-studio\jre\jre\bin\java.dll
0x00007ffeed620000 - 0x00007ffeed636000 	C:\android-studio\jre\jre\bin\zip.dll
0x00007ffef7340000 - 0x00007ffef8849000 	C:\WINDOWS\System32\SHELL32.dll
0x00007ffef6710000 - 0x00007ffef6dea000 	C:\WINDOWS\System32\windows.storage.dll
0x00007ffef5e70000 - 0x00007ffef5ebc000 	C:\WINDOWS\System32\powrprof.dll
0x00007ffef6f80000 - 0x00007ffef6fd2000 	C:\WINDOWS\System32\shlwapi.dll
0x00007ffef5e60000 - 0x00007ffef5e6f000 	C:\WINDOWS\System32\kernel.appcore.dll
0x00007ffef5fe0000 - 0x00007ffef6089000 	C:\WINDOWS\System32\shcore.dll
0x00007ffef5ec0000 - 0x00007ffef5ed4000 	C:\WINDOWS\System32\profapi.dll
0x00007ffeebc40000 - 0x00007ffeebc5a000 	C:\android-studio\jre\jre\bin\net.dll
0x00007ffef5650000 - 0x00007ffef56ac000 	C:\WINDOWS\system32\mswsock.dll
0x00007ffee6bd0000 - 0x00007ffee6be1000 	C:\android-studio\jre\jre\bin\nio.dll
0x00007ffee5f20000 - 0x00007ffee5f32000 	C:\Users\63170_000\.gradle\native\19\windows-amd64\native-platform.dll
0x00007ffef58c0000 - 0x00007ffef58d7000 	C:\WINDOWS\SYSTEM32\CRYPTSP.dll
0x00007ffef57d0000 - 0x00007ffef5803000 	C:\WINDOWS\system32\rsaenh.dll
0x00007ffef5d90000 - 0x00007ffef5dbb000 	C:\WINDOWS\SYSTEM32\bcrypt.dll
0x00007ffef54d0000 - 0x00007ffef54ef000 	C:\WINDOWS\SYSTEM32\USERENV.dll
0x00007ffef5d80000 - 0x00007ffef5d8b000 	C:\WINDOWS\SYSTEM32\CRYPTBASE.dll
0x00007ffef53e0000 - 0x00007ffef5418000 	C:\WINDOWS\SYSTEM32\IPHLPAPI.DLL
0x00007ffef7020000 - 0x00007ffef7028000 	C:\WINDOWS\System32\NSI.dll
0x00007ffef1d70000 - 0x00007ffef1d86000 	C:\WINDOWS\SYSTEM32\dhcpcsvc6.DLL
0x00007ffef1d50000 - 0x00007ffef1d6a000 	C:\WINDOWS\SYSTEM32\dhcpcsvc.DLL
0x00007ffef3b80000 - 0x00007ffef3b8d000 	C:\android-studio\jre\jre\bin\management.dll
0x00007ffef4400000 - 0x00007ffef447a000 	C:\WINDOWS\system32\apphelp.dll

VM Arguments:
jvm_args: -XX:MaxPermSize=256m -XX:+HeapDumpOnOutOfMemoryError -Xmx1024m -Dfile.encoding=GBK -Duser.country=CN -Duser.language=zh -Duser.variant 
java_command: org.gradle.launcher.daemon.bootstrap.GradleDaemon 2.14.1
java_class_path (initial): C:\android-studio\gradle\gradle-2.14.1\lib\gradle-launcher-2.14.1.jar
Launcher Type: SUN_STANDARD

Environment Variables:
JAVA_HOME=C:\Program Files\Java\jdk1.8.0_51
CLASSPATH=.;C:\Program Files\Java\jdk1.8.0_51\lib\dt.jar;C:\Program Files\Java\jdk1.8.0_51\lib\tools.jar;
PATH=C:\adt-bundle-windows-x86_64-20140702\sdk\platform-tools;C:\adt-bundle-windows-x86_64-20140702\sdk\tools;C:\Program Files\Java\jdk1.8.0_51\bin;C:\Program Files\Java\jdk1.8.0_51\jre\bin;C:\ProgramData\Oracle\Java\javapath;C:\WINDOWS\system32;C:\WINDOWS;C:\WINDOWS\System32\Wbem;C:\WINDOWS\System32\WindowsPowerShell\v1.0\;C:\Program Files (x86)\NVIDIA Corporation\PhysX\Common;C:\Program Files\MySQL\MySQL Server 5.7\bin;C:\Program Files (x86)\MySQL\MySQL Server 5.1\bin;C:\WINDOWS\system32;C:\WINDOWS;C:\WINDOWS\System32\Wbem;C:\adt-bundle-windows-x86_64-20140702\sdk\platform-tools\adb.exe;?C:\Program Files\Genymobile\Genymotion\tools\adb.exe;C:\WINDOWS\System32\WindowsPowerShell\v1.0\;C:\Program Files (x86)\GtkSharp\2.12\bin;C:\Program Files\Git\cmd;C:\Users\63170_000\AppData\Local\Microsoft\WindowsApps;
USERNAME=kingwag
OS=Windows_NT
PROCESSOR_IDENTIFIER=Intel64 Family 6 Model 58 Stepping 9, GenuineIntel



---------------  S Y S T E M  ---------------

OS: Windows 10.0 , 64 bit Build 14393 (10.0.14393.0)

CPU:total 4 (2 cores per cpu, 2 threads per core) family 6 model 58 stepping 9, cmov, cx8, fxsr, mmx, sse, sse2, sse3, ssse3, sse4.1, sse4.2, popcnt, avx, aes, clmul, erms, ht, tsc, tscinvbit, tscinv

Memory: 4k page, physical 8271408k(480064k free), swap 8271408k(5192k free)

vm_info: OpenJDK 64-Bit Server VM (25.76-b03) for windows-amd64 JRE (1.8.0_76-release-b03), built on Jun 29 2016 19:09:20 by "ralucas" with MS VC++ 10.0 (VS2010)

time: Tue Dec 13 00:26:48 2016
elapsed time: 27 seconds (0d 0h 0m 27s)

